[     117ms] [ERROR] Failed to load resource: net::ERR_BLOCKED_BY_CLIENT @ https://tracking.epicgames.com/tracking.js:0
[     579ms] [LOG] CSRF: public CSRF token loaded from META: imOzrDaw4tRw+1bRnIXMmfClRQC0ibzGk6TxGr1jINJTE8yf+OSQw+gFfAKADM6QHr3J0qkaRvg/tb0nUIZ77A== @ https://www.artstation.com/community/assets/vendor.92ee79efd9c34463.js:0
[     580ms] [LOG] CSRF: public CSRF token present: imOzrDaw4tRw+1bRnIXMmfClRQC0ibzGk6TxGr1jINJTE8yf+OSQw+gFfAKADM6QHr3J0qkaRvg/tb0nUIZ77A== @ https://www.artstation.com/community/assets/vendor.92ee79efd9c34463.js:0
[    1143ms] [LOG] CSRF: public CSRF token present: imOzrDaw4tRw+1bRnIXMmfClRQC0ibzGk6TxGr1jINJTE8yf+OSQw+gFfAKADM6QHr3J0qkaRvg/tb0nUIZ77A== @ https://www.artstation.com/community/assets/vendor.92ee79efd9c34463.js:0
[    1144ms] [LOG] POST https://www.artstation.com/api/v2/views_tracking/entity_views.json, PUBLIC-CSRF-TOKEN: imOzrDaw4tRw+1bRnIXMmfClRQC0ibzGk6TxGr1jINJTE8yf+OSQw+gFfAKADM6QHr3J0qkaRvg/tb0nUIZ77A== @ https://www.artstation.com/community/assets/vendor.92ee79efd9c34463.js:0
[    1156ms] [ERROR] Http failure during parsing for chrome-extension://ddkjiahejlhfcafbddmgiahcphecmpfh/web_accessible_resources/noop.txt @ https://www.artstation.com/community/assets/vendor.92ee79efd9c34463.js:0
[    1157ms] [ERROR] Failed to load resource: net::ERR_BLOCKED_BY_CLIENT @ https://o10593.ingest.us.sentry.io/api/4509491647283201/envelope/?sentry_version=7&sentry_key=8decb0278b4779fe41d408ad50963d76&sentry_client=sentry.javascript.angular%2F10.43.0:0
[    1614ms] [WARNING] Error with Permissions-Policy header: Unrecognized feature: 'attribution-reporting'. @ :0
[    1614ms] [WARNING] Error with Permissions-Policy header: Unrecognized feature: 'private-aggregation'. @ :0
[    1614ms] [WARNING] Error with Permissions-Policy header: Unrecognized feature: 'private-state-token-issuance'. @ :0
[    1614ms] [WARNING] Error with Permissions-Policy header: Unrecognized feature: 'private-state-token-redemption'. @ :0
[    1614ms] [WARNING] Error with Permissions-Policy header: Origin trial controlled feature not enabled: 'join-ad-interest-group'. @ :0
[    1614ms] [WARNING] Error with Permissions-Policy header: Unrecognized feature: 'run-ad-auction'. @ :0
[    1614ms] [WARNING] Error with Permissions-Policy header: Unrecognized feature: 'browsing-topics'. @ :0
[    1644ms] [WARNING] Error with Permissions-Policy header: Unrecognized feature: 'attribution-reporting'. @ :0
[    1644ms] [WARNING] Error with Permissions-Policy header: Unrecognized feature: 'private-aggregation'. @ :0
[    1644ms] [WARNING] Error with Permissions-Policy header: Unrecognized feature: 'private-state-token-issuance'. @ :0
[    1644ms] [WARNING] Error with Permissions-Policy header: Unrecognized feature: 'private-state-token-redemption'. @ :0
[    1644ms] [WARNING] Error with Permissions-Policy header: Origin trial controlled feature not enabled: 'join-ad-interest-group'. @ :0
[    1644ms] [WARNING] Error with Permissions-Policy header: Unrecognized feature: 'run-ad-auction'. @ :0
[    1644ms] [WARNING] Error with Permissions-Policy header: Unrecognized feature: 'browsing-topics'. @ :0
[    2580ms] [ERROR] Failed to load resource: net::ERR_BLOCKED_BY_CLIENT @ https://log.pinterest.com/?type=pidget&guid=7kJ_WTaX4RQ3&tv=2021110201&event=init&sub=www&button_count=0&follow_count=0&pin_count=0&profile_count=0&board_count=0&section_count=0&lang=tr&nvl=tr-TR&via=https%3A%2F%2Fwww.artstation.com%2Fmansoorahsan:0
[   13490ms] [LOG] CSRF: public CSRF token present: imOzrDaw4tRw+1bRnIXMmfClRQC0ibzGk6TxGr1jINJTE8yf+OSQw+gFfAKADM6QHr3J0qkaRvg/tb0nUIZ77A== @ https://www.artstation.com/community/assets/vendor.92ee79efd9c34463.js:0
[   13490ms] [LOG] POST https://www.artstation.com/api/v2/views_tracking/entity_views.json, PUBLIC-CSRF-TOKEN: imOzrDaw4tRw+1bRnIXMmfClRQC0ibzGk6TxGr1jINJTE8yf+OSQw+gFfAKADM6QHr3J0qkaRvg/tb0nUIZ77A== @ https://www.artstation.com/community/assets/vendor.92ee79efd9c34463.js:0
[   13541ms] [ERROR] Http failure during parsing for chrome-extension://ddkjiahejlhfcafbddmgiahcphecmpfh/web_accessible_resources/noop.txt @ https://www.artstation.com/community/assets/vendor.92ee79efd9c34463.js:0
[   13716ms] [WARNING] Error with Permissions-Policy header: Unrecognized feature: 'attribution-reporting'. @ :0
[   13716ms] [WARNING] Error with Permissions-Policy header: Unrecognized feature: 'private-aggregation'. @ :0
[   13716ms] [WARNING] Error with Permissions-Policy header: Unrecognized feature: 'private-state-token-issuance'. @ :0
[   13716ms] [WARNING] Error with Permissions-Policy header: Unrecognized feature: 'private-state-token-redemption'. @ :0
[   13716ms] [WARNING] Error with Permissions-Policy header: Origin trial controlled feature not enabled: 'join-ad-interest-group'. @ :0
[   13716ms] [WARNING] Error with Permissions-Policy header: Unrecognized feature: 'run-ad-auction'. @ :0
[   13716ms] [WARNING] Error with Permissions-Policy header: Unrecognized feature: 'browsing-topics'. @ :0
[   15642ms] [WARNING] Error with Permissions-Policy header: Unrecognized feature: 'attribution-reporting'. @ :0
[   15642ms] [WARNING] Error with Permissions-Policy header: Unrecognized feature: 'private-aggregation'. @ :0
[   15642ms] [WARNING] Error with Permissions-Policy header: Unrecognized feature: 'private-state-token-issuance'. @ :0
[   15642ms] [WARNING] Error with Permissions-Policy header: Unrecognized feature: 'private-state-token-redemption'. @ :0
[   15642ms] [WARNING] Error with Permissions-Policy header: Origin trial controlled feature not enabled: 'join-ad-interest-group'. @ :0
[   15642ms] [WARNING] Error with Permissions-Policy header: Unrecognized feature: 'run-ad-auction'. @ :0
[   15642ms] [WARNING] Error with Permissions-Policy header: Unrecognized feature: 'browsing-topics'. @ :0
[   15722ms] [ERROR] Failed to load resource: net::ERR_BLOCKED_BY_CLIENT @ https://tracking.epicgames.com/tracking.js:0
[   15838ms] [LOG] CSRF: public CSRF token loaded from META: jCK0ffXfPMq6WrSPminCK18qEREPUsF7VsgAJpf+2dxVUstOO4tO3SKknlyGoMAisTKdwxLBO0X62UwbehuC4g== @ https://www.artstation.com/community/assets/vendor.92ee79efd9c34463.js:0
[   15838ms] [LOG] CSRF: public CSRF token present: jCK0ffXfPMq6WrSPminCK18qEREPUsF7VsgAJpf+2dxVUstOO4tO3SKknlyGoMAisTKdwxLBO0X62UwbehuC4g== @ https://www.artstation.com/community/assets/vendor.92ee79efd9c34463.js:0
[   16126ms] [LOG] CSRF: public CSRF token present: jCK0ffXfPMq6WrSPminCK18qEREPUsF7VsgAJpf+2dxVUstOO4tO3SKknlyGoMAisTKdwxLBO0X62UwbehuC4g== @ https://www.artstation.com/community/assets/vendor.92ee79efd9c34463.js:0
[   16303ms] [LOG] CSRF: public CSRF token present: jCK0ffXfPMq6WrSPminCK18qEREPUsF7VsgAJpf+2dxVUstOO4tO3SKknlyGoMAisTKdwxLBO0X62UwbehuC4g== @ https://www.artstation.com/community/assets/vendor.92ee79efd9c34463.js:0
[   16304ms] [LOG] POST https://www.artstation.com/api/v2/views_tracking/entity_views.json, PUBLIC-CSRF-TOKEN: jCK0ffXfPMq6WrSPminCK18qEREPUsF7VsgAJpf+2dxVUstOO4tO3SKknlyGoMAisTKdwxLBO0X62UwbehuC4g== @ https://www.artstation.com/community/assets/vendor.92ee79efd9c34463.js:0
[   16311ms] [ERROR] Http failure during parsing for chrome-extension://ddkjiahejlhfcafbddmgiahcphecmpfh/web_accessible_resources/noop.txt @ https://www.artstation.com/community/assets/vendor.92ee79efd9c34463.js:0
[   16312ms] [ERROR] Failed to load resource: net::ERR_BLOCKED_BY_CLIENT @ https://o10593.ingest.us.sentry.io/api/4509491647283201/envelope/?sentry_version=7&sentry_key=8decb0278b4779fe41d408ad50963d76&sentry_client=sentry.javascript.angular%2F10.43.0:0
[   16840ms] [WARNING] Error with Permissions-Policy header: Unrecognized feature: 'attribution-reporting'. @ :0
[   16840ms] [WARNING] Error with Permissions-Policy header: Unrecognized feature: 'private-aggregation'. @ :0
[   16840ms] [WARNING] Error with Permissions-Policy header: Unrecognized feature: 'private-state-token-issuance'. @ :0
[   16840ms] [WARNING] Error with Permissions-Policy header: Unrecognized feature: 'private-state-token-redemption'. @ :0
[   16840ms] [WARNING] Error with Permissions-Policy header: Origin trial controlled feature not enabled: 'join-ad-interest-group'. @ :0
[   16840ms] [WARNING] Error with Permissions-Policy header: Unrecognized feature: 'run-ad-auction'. @ :0
[   16840ms] [WARNING] Error with Permissions-Policy header: Unrecognized feature: 'browsing-topics'. @ :0
[   16869ms] [WARNING] Error with Permissions-Policy header: Unrecognized feature: 'attribution-reporting'. @ :0
[   16869ms] [WARNING] Error with Permissions-Policy header: Unrecognized feature: 'private-aggregation'. @ :0
[   16869ms] [WARNING] Error with Permissions-Policy header: Unrecognized feature: 'private-state-token-issuance'. @ :0
[   16869ms] [WARNING] Error with Permissions-Policy header: Unrecognized feature: 'private-state-token-redemption'. @ :0
[   16869ms] [WARNING] Error with Permissions-Policy header: Origin trial controlled feature not enabled: 'join-ad-interest-group'. @ :0
[   16869ms] [WARNING] Error with Permissions-Policy header: Unrecognized feature: 'run-ad-auction'. @ :0
[   16869ms] [WARNING] Error with Permissions-Policy header: Unrecognized feature: 'browsing-topics'. @ :0
[   16930ms] [ERROR] Failed to load resource: net::ERR_BLOCKED_BY_CLIENT @ https://log.pinterest.com/?type=pidget&guid=KXa2y7XJdJsL&tv=2021110201&event=init&sub=www&button_count=0&follow_count=0&pin_count=0&profile_count=0&board_count=0&section_count=0&lang=tr&nvl=tr-TR&via=https%3A%2F%2Fwww.artstation.com%2Fartofaty:0
