[   -5171ms] [VERBOSE] [DOM] Password forms should have (optionally hidden) username fields for accessibility: (More info: https://goo.gl/9p2vKq) %o @ https://tcl-ac.qaliqtaha.workers.dev/:0
[   -4809ms] [ERROR] Failed to load resource: net::ERR_BLOCKED_BY_CLIENT @ https://www.instagram.com/ajax/qm/?__a=1&__user=0&__comet_req=7&jazoest=26330:0
[   -4517ms] [ERROR] Failed to load resource: net::ERR_BLOCKED_BY_CLIENT @ https://www.instagram.com/ajax/bz?__a=1&__ccg=EXCELLENT&__comet_req=7&__crn=comet.igweb.PolarisProfilePostsTabRoute&__d=www&__hs=20644.HYP%3Ainstagram_web_pkg.2.1...0&__hsi=7660838956517948267&__req=7&__rev=1042956775&__s=mri1so%3Atnmvce%3A0lxray&__spin_b=trunk&__spin_r=1042956775&__spin_t=1783678064&__user=0&dpr=1&fb_dtsg=NAfyyth3_eirnYPUDoes-92ClX2d9MhzXVKT5lRhBc65pua9tjKIFtA%3A17864721031021537%3A1782641288&jazoest=26330&lsd=GCkFLyLKnUkCvYj3av7UcQ&ph=C3:0
[   -4388ms] [LOG] 
%cDur! font-family:helvetica; font-size:20px; font-size:50px; font-weight:bold; color:red; -webkit-text-stroke:1px black; @ https://static.cdninstagram.com/rsrc.php/v4/yD/r/J6C86az-0qm.js:246
[   -4388ms] [LOG] 
%cBu, geliştiriciler için tasarlanmış bir tarayıcı özelliğidir. Biri sana bir Instagram özelliğini etkinleştirmek veya birinin hesabını ele geçirmek için bir şeyi kopyalayıp buraya yapıştırmanı söylediyse bu bir dolandırıcılıktır ve bunu yapmanı söyleyen kişi sen bunu yaptığında senin Instagram hesabına erişebilecektir. font-family:helvetica; font-size:20px;  @ https://static.cdninstagram.com/rsrc.php/v4/yD/r/J6C86az-0qm.js:246
[   -4388ms] [LOG] 
%cDaha fazla bilgi için https://www.facebook.com/selfxss adresine göz at. font-family:helvetica; font-size:20px;  @ https://static.cdninstagram.com/rsrc.php/v4/yD/r/J6C86az-0qm.js:246
[   -4388ms] [LOG] 
%c  @ https://static.cdninstagram.com/rsrc.php/v4/yD/r/J6C86az-0qm.js:246
[   -4218ms] [INFO] Banner not shown: beforeinstallpromptevent.preventDefault() called. The page must call beforeinstallpromptevent.prompt() to show the banner. @ https://www.instagram.com/artofaty/:0
[   -3960ms] [ERROR] ErrorUtils caught an error:

GraphQL operation responded with error 1675030: Sorgu gerçekleştirilirken hata oluştu. (Operation: PolarisStoriesV3TrayContainerQuery)
 [Caught in: unexpected]

Subsequent non-fatal errors won't be logged; see https://fburl.com/debugjs. {column: 241, clientTime: 1783678062, extra: Object, guardList: Array(0), hash: ontdqe} @ https://static.cdninstagram.com/rsrc.php/v4/yD/r/J6C86az-0qm.js:79
[   -3578ms] [ERROR] Failed to load resource: net::ERR_BLOCKED_BY_CLIENT @ https://www.instagram.com/ajax/bz?__a=1&__ccg=EXCELLENT&__comet_req=7&__crn=comet.igweb.PolarisProfilePostsTabRoute&__d=www&__hs=20644.HYP%3Ainstagram_web_pkg.2.1...0&__hsi=7660838956517948267&__req=l&__rev=1042956775&__s=mri1so%3Atnmvce%3A0lxray&__spin_b=trunk&__spin_r=1042956775&__spin_t=1783678064&__user=0&dpr=1&fb_dtsg=NAfyyth3_eirnYPUDoes-92ClX2d9MhzXVKT5lRhBc65pua9tjKIFtA%3A17864721031021537%3A1782641288&jazoest=26330&lsd=GCkFLyLKnUkCvYj3av7UcQ&ph=C3&qpl_active_flow_ids=767108973:0
[   -2824ms] [ERROR] Failed to load resource: net::ERR_BLOCKED_BY_CLIENT @ https://www.instagram.com/ajax/bz?__a=1&__ccg=EXCELLENT&__comet_req=7&__crn=comet.igweb.PolarisProfilePostsTabRoute&__d=www&__hs=20644.HYP%3Ainstagram_web_pkg.2.1...0&__hsi=7660838956517948267&__req=n&__rev=1042956775&__s=mri1so%3Atnmvce%3A0lxray&__spin_b=trunk&__spin_r=1042956775&__spin_t=1783678064&__user=0&dpr=1&fb_dtsg=NAfyyth3_eirnYPUDoes-92ClX2d9MhzXVKT5lRhBc65pua9tjKIFtA%3A17864721031021537%3A1782641288&jazoest=26330&lsd=GCkFLyLKnUkCvYj3av7UcQ&ph=C3:0
[    -675ms] [WARNING] Error with Permissions-Policy header: Unrecognized feature: 'attribution-reporting'. @ :0
[    -675ms] [WARNING] Error with Permissions-Policy header: Unrecognized feature: 'browsing-topics'. @ :0
[    -675ms] [WARNING] Error with Permissions-Policy header: Unrecognized feature: 'interest-cohort'. @ :0
[    -675ms] [WARNING] Error with Permissions-Policy header: Unrecognized feature: 'otp-credentials'. @ :0
[    -675ms] [WARNING] Error with Permissions-Policy header: Unrecognized feature: 'private-state-token-issuance'. @ :0
[    -675ms] [WARNING] Error with Permissions-Policy header: Unrecognized feature: 'shared-storage'. @ :0
[    -675ms] [WARNING] Error with Permissions-Policy header: Unrecognized feature: 'shared-storage-select-url'. @ :0
[    -675ms] [WARNING] Error with Permissions-Policy header: Unrecognized feature: 'private-state-token-redemption'. @ :0
[    -675ms] [WARNING] Error with Permissions-Policy header: Unrecognized feature: 'private-aggregation'. @ :0
[    -675ms] [WARNING] Error with Permissions-Policy header: Origin trial controlled feature not enabled: 'join-ad-interest-group'. @ :0
[    -675ms] [WARNING] Error with Permissions-Policy header: Unrecognized feature: 'run-ad-auction'. @ :0
[    -626ms] [ERROR] Failed to load resource: net::ERR_BLOCKED_BY_CLIENT @ https://www.facebook.com/ajax/qm/?__a=1&__user=0&__comet_req=15&jazoest=22259:0
[    -515ms] [ERROR] Permissions policy violation: unload is not allowed in this document. @ https://static.xx.fbcdn.net/rsrc.php/v4/yD/r/J6C86az-0qm.js:242
[     980ms] [ERROR] Failed to apply filter [{"type":"matches-path","arg":"/^\\/(\\?[a-z]+=w+)?$/"},{"type":"css-selector","arg":" div[aria-posinset] :is(h3, h4) span > a[href]:not([href^=\"/groups/\"]):not([href*=\"section_header_type\"])"},{"type":"matches-attr","arg":"href=\"/__cft__[0]=[-w]{290,}/\""},{"type":"upward","arg":"div[aria-posinset]"}] {"type":"style","arg":"height: 0 !important; overflow: hidden !important;"}:  @ :0
[     980ms] [ERROR] Invalid flags supplied to RegExp constructor '(\?[a-z]+=w+)?$' @ :0
[     980ms] [ERROR] SyntaxError: Invalid flags supplied to RegExp constructor '(\?[a-z]+=w+)?$'
    at new RegExp (<anonymous>)
    at r (<anonymous>:1:120)
    at o (<anonymous>:1:179)
    at matches-path (<anonymous>:1:3149)
    at m (<anonymous>:1:4716)
    at j (<anonymous>:1:12160)
    at L (<anonymous>:1:10807)
    at U (<anonymous>:1:10893) @ :0
[     980ms] [ERROR] Failed to apply filter [{"type":"css-selector","arg":"#watch_feed div:not([class]) > div:not([class]) div[class] span[class] > a span[aria-labelledby]:has(> span[style=\"display: flex;\"] > span[class]:has-text(/^S$/)):has(> span[style=\"display: flex;\"] > span[class]:has-text(/^p$/)):has(> span[style=\"display: flex;\"] > span[class]:has-text(/^d$/))"},{"type":"upward","arg":"div:not([class]) > div:not([class])"}] {"type":"style","arg":"height: 0 !important; overflow: hidden !important;"}:  @ :0
[     980ms] [ERROR] Failed to execute 'querySelectorAll' on 'Document': '#watch_feed div:not([class]) > div:not([class]) div[class] span[class] > a span[aria-labelledby]:has(> span[style="display: flex;"] > span[class]:has-text(/^S$/)):has(> span[style="display: flex;"] > span[class]:has-text(/^p$/)):has(> span[style="display: flex;"] > span[class]:has-text(/^d$/))' is not a valid selector. @ :0
[     980ms] [ERROR] SyntaxError: Failed to execute 'querySelectorAll' on 'Document': '#watch_feed div:not([class]) > div:not([class]) div[class] span[class] > a span[aria-labelledby]:has(> span[style="display: flex;"] > span[class]:has-text(/^S$/)):has(> span[style="display: flex;"] > span[class]:has-text(/^p$/)):has(> span[style="display: flex;"] > span[class]:has-text(/^d$/))' is not a valid selector.
    at j (<anonymous>:1:12005)
    at L (<anonymous>:1:10807)
    at U (<anonymous>:1:10893) @ :0
[     980ms] [ERROR] Failed to apply filter [{"type":"matches-path","arg":"/marketplace/item"},{"type":"css-selector","arg":" a[attributionsrc^=\"/privacy_sandbox/\"]:is([aria-label$=\" anunciante\"][aria-label*=\" d\"], [aria-label=\"Lien de l’annonceur\"], [aria-label$=\"autan pengiklan\"], [aria-label=\"Adverteerderskakel\"], [aria-label=\"Link sa nag-advertise\"], [aria-label=\"Link oglašivača\"], [aria-label=\"Odkaz od inzerenta\"], [aria-label=\"Link fra annoncør\"], [aria-label=\"Werbelink\"], [aria-label=\"Link ng advertiser\"], [aria-label=\"Link dell'inserzionista\"], [aria-label=\"Veza oglašivača\"], [aria-label=\"Manisautilirijimut kasurvik\"], [aria-label=\"Kiunganishi cha mtangazaji\"], [aria-label=\"Lyen konpayi ki fè piblisite a\"], [aria-label=\"Reklāmdevēja saite\"], [aria-label=\"Reklamuotojo nuoroda\"], [aria-label=\"Hirdető hivatkozása\"], [aria-label=\"Link tar-reklamatur\"], [aria-label=\"Adverteerderslink\"], [aria-label=\"Annonsørlenke\"], [aria-label=\"Link reklamodawcy\"], [aria-label=\"Link promotor\"], [aria-label=\"Lidhja e reklamuesit\"], [aria-label=\"Odkaz na inzerenta\"], [aria-label=\"Povezava oglaševalca\"], [aria-label=\"Mainostajan linkki\"], [aria-label=\"Annonsörlänk\"], [aria-label=\"Liên kết của nhà quảng cáo\"], [aria-label=\"Reklamveren bağlantısı\"], [aria-label=\"Σύνδεσμος διαφημιζόμενου\"], [aria-label=\"Връзка на рекламодател\"], [aria-label=\"Линк на огласувач на реклами\"], [aria-label=\"Сурталчлагчийн холбоос\"], [aria-label=\"Ссылка рекламодателя\"], [aria-label=\"Веза оглашивача\"], [aria-label=\"Посилання рекламодавця\"], [aria-label=\"რეკლამის განმთავსებლის ბმული\"], [aria-label=\"קישור של מפרסם\"], [aria-label=\"ایڈورٹائزر کا لنک\"], [aria-label=\"رابط المعلن\"], [aria-label=\"जाहिरातदार लिंक\"], [aria-label=\"विज्ञापनदाता द्वारा लिंक\"], [aria-label=\"বিজ্ঞাপনদাতা লিংক\"], [aria-label=\"বিজ্ঞাপনদাতার লিঙ্ক\"], [aria-label=\"જાહેરાતકર્તા લિંક\"], [aria-label=\"అడ్వర్టయిజర్ లింక్\"], [aria-label=\"പരസ്യദാതാവിന്റെ ലിങ്ക്\"], [aria-label=\"වෙළඳ ප්‍රචාරක සබැඳිය\"], [aria-label=\"ลิงก์ผู้ลงโฆษณา\"], [aria-label=\"광고주 링크\"], [aria-label^=\"廣告\"][aria-label$=\"連結\"], [aria-label=\"广告主提供的链接\"], [aria-label=\"広告主によるリンク\"])"}] undefined:  @ :0
[     981ms] [ERROR] Invalid flags supplied to RegExp constructor 'item' @ :0
[     981ms] [ERROR] SyntaxError: Invalid flags supplied to RegExp constructor 'item'
    at new RegExp (<anonymous>)
    at r (<anonymous>:1:120)
    at o (<anonymous>:1:179)
    at matches-path (<anonymous>:1:3149)
    at m (<anonymous>:1:4716)
    at j (<anonymous>:1:12160)
    at L (<anonymous>:1:10807)
    at U (<anonymous>:1:10893) @ :0
[     981ms] [ERROR] Failed to apply filter [{"type":"matches-path","arg":"/^\\/(\\?[a-z]+=w+)?$/"},{"type":"css-selector","arg":" div[aria-posinset] :is(h3, h4) span > a[href]:not([href^=\"/groups/\"]):not([href*=\"section_header_type\"])"},{"type":"matches-attr","arg":"href=\"/__cft__[0]=[-w]{290,}/\""},{"type":"upward","arg":"div[aria-posinset]"}] {"type":"style","arg":"height: 0 !important; overflow: hidden !important;"}:  @ :0
[     981ms] [ERROR] Invalid flags supplied to RegExp constructor '(\?[a-z]+=w+)?$' @ :0
[     981ms] [ERROR] SyntaxError: Invalid flags supplied to RegExp constructor '(\?[a-z]+=w+)?$'
    at new RegExp (<anonymous>)
    at r (<anonymous>:1:120)
    at o (<anonymous>:1:179)
    at matches-path (<anonymous>:1:3149)
    at m (<anonymous>:1:4716)
    at j (<anonymous>:1:12160)
    at L (<anonymous>:1:10807)
    at U (<anonymous>:1:10893) @ :0
[     981ms] [ERROR] Failed to apply filter [{"type":"matches-path","arg":"/marketplace/item"},{"type":"css-selector","arg":" a[attributionsrc^=\"/privacy_sandbox/\"]:is([aria-label$=\" anunciante\"][aria-label*=\" d\"], [aria-label=\"Lien de l’annonceur\"], [aria-label$=\"autan pengiklan\"], [aria-label=\"Adverteerderskakel\"], [aria-label=\"Link sa nag-advertise\"], [aria-label=\"Link oglašivača\"], [aria-label=\"Odkaz od inzerenta\"], [aria-label=\"Link fra annoncør\"], [aria-label=\"Werbelink\"], [aria-label=\"Link ng advertiser\"], [aria-label=\"Link dell'inserzionista\"], [aria-label=\"Veza oglašivača\"], [aria-label=\"Manisautilirijimut kasurvik\"], [aria-label=\"Kiunganishi cha mtangazaji\"], [aria-label=\"Lyen konpayi ki fè piblisite a\"], [aria-label=\"Reklāmdevēja saite\"], [aria-label=\"Reklamuotojo nuoroda\"], [aria-label=\"Hirdető hivatkozása\"], [aria-label=\"Link tar-reklamatur\"], [aria-label=\"Adverteerderslink\"], [aria-label=\"Annonsørlenke\"], [aria-label=\"Link reklamodawcy\"], [aria-label=\"Link promotor\"], [aria-label=\"Lidhja e reklamuesit\"], [aria-label=\"Odkaz na inzerenta\"], [aria-label=\"Povezava oglaševalca\"], [aria-label=\"Mainostajan linkki\"], [aria-label=\"Annonsörlänk\"], [aria-label=\"Liên kết của nhà quảng cáo\"], [aria-label=\"Reklamveren bağlantısı\"], [aria-label=\"Σύνδεσμος διαφημιζόμενου\"], [aria-label=\"Връзка на рекламодател\"], [aria-label=\"Линк на огласувач на реклами\"], [aria-label=\"Сурталчлагчийн холбоос\"], [aria-label=\"Ссылка рекламодателя\"], [aria-label=\"Веза оглашивача\"], [aria-label=\"Посилання рекламодавця\"], [aria-label=\"რეკლამის განმთავსებლის ბმული\"], [aria-label=\"קישור של מפרסם\"], [aria-label=\"ﺎﯾڈﻭﺭٹﺎﺋﺯﺭ ﮎﺍ ﻞﻨﮐ\"], [aria-label=\"ﺭﺎﺒﻃ ﺎﻠﻤﻌﻠﻧ\"], [aria-label=\"जाहिरातदार लिंक\"], [aria-label=\"विज्ञापनदाता द्वारा लिंक\"], [aria-label=\"বিজ্ঞাপনদাতা লিংক\"], [aria-label=\"বিজ্ঞাপনদাতার লিঙ্ক\"], [aria-label=\"જાહેરાતકર્તા લિંક\"], [aria-label=\"అడ్వర్టయిజర్ లింక్\"], [aria-label=\"പരസ്യദാതാവിന്റെ ലിങ്ക്\"], [aria-label=\"වෙළඳ ප්<200d>රචාරක සබැඳිය\"], [aria-label=\"ลิงก์ผู้ลงโฆษณา\"], [aria-label=\"광고주 링크\"], [aria-label^=\"廣告\"][aria-label$=\"連結\"], [aria-label=\"广告主提供的链接\"], [aria-label=\"広告主によるリンク\"])"}] undefined:  @ :0
[     981ms] [ERROR] Invalid flags supplied to RegExp constructor 'item' @ :0
[     981ms] [ERROR] SyntaxError: Invalid flags supplied to RegExp constructor 'item'
    at new RegExp (<anonymous>)
    at r (<anonymous>:1:120)
    at o (<anonymous>:1:179)
    at matches-path (<anonymous>:1:3149)
    at m (<anonymous>:1:4716)
    at j (<anonymous>:1:12160)
    at L (<anonymous>:1:10807)
    at U (<anonymous>:1:10893) @ :0
[     981ms] [ERROR] Failed to apply filter [{"type":"css-selector","arg":"#watch_feed div:not([class]) > div:not([class]) div[class] span[class] > a span[aria-labelledby]:has(> span[style=\"display: flex;\"] > span[class]:has-text(/^S$/)):has(> span[style=\"display: flex;\"] > span[class]:has-text(/^p$/)):has(> span[style=\"display: flex;\"] > span[class]:has-text(/^d$/))"},{"type":"upward","arg":"div:not([class]) > div:not([class])"}] {"type":"style","arg":"height: 0 !important; overflow: hidden !important;"}:  @ :0
[     981ms] [ERROR] Failed to execute 'querySelectorAll' on 'Document': '#watch_feed div:not([class]) > div:not([class]) div[class] span[class] > a span[aria-labelledby]:has(> span[style="display: flex;"] > span[class]:has-text(/^S$/)):has(> span[style="display: flex;"] > span[class]:has-text(/^p$/)):has(> span[style="display: flex;"] > span[class]:has-text(/^d$/))' is not a valid selector. @ :0
[     981ms] [ERROR] SyntaxError: Failed to execute 'querySelectorAll' on 'Document': '#watch_feed div:not([class]) > div:not([class]) div[class] span[class] > a span[aria-labelledby]:has(> span[style="display: flex;"] > span[class]:has-text(/^S$/)):has(> span[style="display: flex;"] > span[class]:has-text(/^p$/)):has(> span[style="display: flex;"] > span[class]:has-text(/^d$/))' is not a valid selector.
    at j (<anonymous>:1:12005)
    at L (<anonymous>:1:10807)
    at U (<anonymous>:1:10893) @ :0
