[     127ms] [ERROR] Failed to load resource: net::ERR_BLOCKED_BY_CLIENT @ https://tracking.epicgames.com/tracking.js:0
[     364ms] [LOG] CSRF: public CSRF token loaded from META: VyIp0QuUjEEkuwldp1uKNSAb0U7/kqyGUiadaO/iLPmOUlbixcD+VrxFI4670og8zgNdnOIBVrj+N9FVAgd3xw== @ https://www.artstation.com/community/assets/vendor.92ee79efd9c34463.js:0
[     365ms] [LOG] CSRF: public CSRF token present: VyIp0QuUjEEkuwldp1uKNSAb0U7/kqyGUiadaO/iLPmOUlbixcD+VrxFI4670og8zgNdnOIBVrj+N9FVAgd3xw== @ https://www.artstation.com/community/assets/vendor.92ee79efd9c34463.js:0
[     989ms] [LOG] CSRF: public CSRF token present: VyIp0QuUjEEkuwldp1uKNSAb0U7/kqyGUiadaO/iLPmOUlbixcD+VrxFI4670og8zgNdnOIBVrj+N9FVAgd3xw== @ https://www.artstation.com/community/assets/vendor.92ee79efd9c34463.js:0
[     990ms] [LOG] POST https://www.artstation.com/api/v2/views_tracking/entity_views.json, PUBLIC-CSRF-TOKEN: VyIp0QuUjEEkuwldp1uKNSAb0U7/kqyGUiadaO/iLPmOUlbixcD+VrxFI4670og8zgNdnOIBVrj+N9FVAgd3xw== @ https://www.artstation.com/community/assets/vendor.92ee79efd9c34463.js:0
[    1010ms] [ERROR] Http failure during parsing for chrome-extension://ddkjiahejlhfcafbddmgiahcphecmpfh/web_accessible_resources/noop.txt @ https://www.artstation.com/community/assets/vendor.92ee79efd9c34463.js:0
[    1010ms] [ERROR] Failed to load resource: net::ERR_BLOCKED_BY_CLIENT @ https://o10593.ingest.us.sentry.io/api/4509491647283201/envelope/?sentry_version=7&sentry_key=8decb0278b4779fe41d408ad50963d76&sentry_client=sentry.javascript.angular%2F10.43.0:0
[    2136ms] [WARNING] Error with Permissions-Policy header: Unrecognized feature: 'attribution-reporting'. @ :0
[    2136ms] [WARNING] Error with Permissions-Policy header: Unrecognized feature: 'private-aggregation'. @ :0
[    2136ms] [WARNING] Error with Permissions-Policy header: Unrecognized feature: 'private-state-token-issuance'. @ :0
[    2136ms] [WARNING] Error with Permissions-Policy header: Unrecognized feature: 'private-state-token-redemption'. @ :0
[    2136ms] [WARNING] Error with Permissions-Policy header: Origin trial controlled feature not enabled: 'join-ad-interest-group'. @ :0
[    2136ms] [WARNING] Error with Permissions-Policy header: Unrecognized feature: 'run-ad-auction'. @ :0
[    2136ms] [WARNING] Error with Permissions-Policy header: Unrecognized feature: 'browsing-topics'. @ :0
[    2173ms] [WARNING] Error with Permissions-Policy header: Unrecognized feature: 'attribution-reporting'. @ :0
[    2173ms] [WARNING] Error with Permissions-Policy header: Unrecognized feature: 'private-aggregation'. @ :0
[    2173ms] [WARNING] Error with Permissions-Policy header: Unrecognized feature: 'private-state-token-issuance'. @ :0
[    2173ms] [WARNING] Error with Permissions-Policy header: Unrecognized feature: 'private-state-token-redemption'. @ :0
[    2173ms] [WARNING] Error with Permissions-Policy header: Origin trial controlled feature not enabled: 'join-ad-interest-group'. @ :0
[    2173ms] [WARNING] Error with Permissions-Policy header: Unrecognized feature: 'run-ad-auction'. @ :0
[    2173ms] [WARNING] Error with Permissions-Policy header: Unrecognized feature: 'browsing-topics'. @ :0
[    3159ms] [ERROR] Failed to load resource: net::ERR_BLOCKED_BY_CLIENT @ https://log.pinterest.com/?type=pidget&guid=7_EoTZmVa8YW&tv=2021110201&event=init&sub=www&button_count=0&follow_count=0&pin_count=0&profile_count=0&board_count=0&section_count=0&lang=tr&nvl=tr-TR&via=https%3A%2F%2Fwww.artstation.com%2Fartwork%2FBamyv9%3Fnotification_id%3D8267711151:0
[   30472ms] [ERROR] Failed to load resource: net::ERR_BLOCKED_BY_CLIENT @ https://o10593.ingest.us.sentry.io/api/4509491647283201/envelope/?sentry_version=7&sentry_key=8decb0278b4779fe41d408ad50963d76&sentry_client=sentry.javascript.angular%2F10.43.0:0
[  300949ms] [LOG] POST https://www.artstation.com/api/v2/community/reactions.json, PUBLIC-CSRF-TOKEN: VyIp0QuUjEEkuwldp1uKNSAb0U7/kqyGUiadaO/iLPmOUlbixcD+VrxFI4670og8zgNdnOIBVrj+N9FVAgd3xw== @ https://www.artstation.com/community/assets/vendor.92ee79efd9c34463.js:0
