[     216ms] [ERROR] Failed to load resource: net::ERR_BLOCKED_BY_CLIENT @ https://tracking.epicgames.com/tracking.js:0
[    1057ms] [LOG] CSRF: public CSRF token loaded from META: 55VMacm1dJp4LsfQ/rSeSd0W5UqYwOYxvcGYdZ11cHQ+5TNaB+EGjeDQ7QPiPZxAMw5pmIVTHA8R0NRIcJArSg== @ https://www.artstation.com/community/assets/vendor.92ee79efd9c34463.js:0
[    1058ms] [LOG] CSRF: public CSRF token present: 55VMacm1dJp4LsfQ/rSeSd0W5UqYwOYxvcGYdZ11cHQ+5TNaB+EGjeDQ7QPiPZxAMw5pmIVTHA8R0NRIcJArSg== @ https://www.artstation.com/community/assets/vendor.92ee79efd9c34463.js:0
[    1527ms] [ERROR] Failed to load resource: the server responded with a status of 404 () @ https://www.artstation.com/api/v2/community/channels/channels/undefined.json:0
[    2434ms] [LOG] POST https://www.artstation.com/api/v2/neighborhoods/user_view_settings.json, PUBLIC-CSRF-TOKEN: 55VMacm1dJp4LsfQ/rSeSd0W5UqYwOYxvcGYdZ11cHQ+5TNaB+EGjeDQ7QPiPZxAMw5pmIVTHA8R0NRIcJArSg== @ https://www.artstation.com/community/assets/vendor.92ee79efd9c34463.js:0
[    5219ms] [ERROR] Failed to load resource: net::ERR_BLOCKED_BY_CLIENT @ https://log.pinterest.com/?type=pidget&guid=Y7jYr8tXz_M1&tv=2021110201&event=init&sub=www&button_count=0&follow_count=0&pin_count=0&profile_count=0&board_count=0&section_count=0&lang=tr&nvl=tr-TR&via=https%3A%2F%2Fwww.artstation.com%2F%3Fsort_by%3Dcommunity%26dimension%3D3d%26include_ai%3Dfalse:0
[    5712ms] [LOG] CSRF: public CSRF token present: 55VMacm1dJp4LsfQ/rSeSd0W5UqYwOYxvcGYdZ11cHQ+5TNaB+EGjeDQ7QPiPZxAMw5pmIVTHA8R0NRIcJArSg== @ https://www.artstation.com/community/assets/vendor.92ee79efd9c34463.js:0
[    5802ms] [WARNING] Error with Permissions-Policy header: Unrecognized feature: 'attribution-reporting'. @ :0
[    5802ms] [WARNING] Error with Permissions-Policy header: Unrecognized feature: 'private-aggregation'. @ :0
[    5802ms] [WARNING] Error with Permissions-Policy header: Unrecognized feature: 'private-state-token-issuance'. @ :0
[    5802ms] [WARNING] Error with Permissions-Policy header: Unrecognized feature: 'private-state-token-redemption'. @ :0
[    5802ms] [WARNING] Error with Permissions-Policy header: Origin trial controlled feature not enabled: 'join-ad-interest-group'. @ :0
[    5802ms] [WARNING] Error with Permissions-Policy header: Unrecognized feature: 'run-ad-auction'. @ :0
[    5802ms] [WARNING] Error with Permissions-Policy header: Unrecognized feature: 'browsing-topics'. @ :0
[    6073ms] [WARNING] Error with Permissions-Policy header: Unrecognized feature: 'attribution-reporting'. @ :0
[    6073ms] [WARNING] Error with Permissions-Policy header: Unrecognized feature: 'private-aggregation'. @ :0
[    6073ms] [WARNING] Error with Permissions-Policy header: Unrecognized feature: 'private-state-token-issuance'. @ :0
[    6073ms] [WARNING] Error with Permissions-Policy header: Unrecognized feature: 'private-state-token-redemption'. @ :0
[    6073ms] [WARNING] Error with Permissions-Policy header: Origin trial controlled feature not enabled: 'join-ad-interest-group'. @ :0
[    6073ms] [WARNING] Error with Permissions-Policy header: Unrecognized feature: 'run-ad-auction'. @ :0
[    6073ms] [WARNING] Error with Permissions-Policy header: Unrecognized feature: 'browsing-topics'. @ :0
[    7221ms] [ERROR] Failed to load resource: the server responded with a status of 400 () @ https://www.artstation.com/api/v2/notifications/latest?page=2&version=20180802&include_marketplace=true&include_prints=true&show_badges=true&from_id=8267853262:0
[   15005ms] [WARNING] Error with Permissions-Policy header: Unrecognized feature: 'attribution-reporting'. @ :0
[   15005ms] [WARNING] Error with Permissions-Policy header: Unrecognized feature: 'private-aggregation'. @ :0
[   15005ms] [WARNING] Error with Permissions-Policy header: Unrecognized feature: 'private-state-token-issuance'. @ :0
[   15005ms] [WARNING] Error with Permissions-Policy header: Unrecognized feature: 'private-state-token-redemption'. @ :0
[   15005ms] [WARNING] Error with Permissions-Policy header: Origin trial controlled feature not enabled: 'join-ad-interest-group'. @ :0
[   15005ms] [WARNING] Error with Permissions-Policy header: Unrecognized feature: 'run-ad-auction'. @ :0
[   15005ms] [WARNING] Error with Permissions-Policy header: Unrecognized feature: 'browsing-topics'. @ :0
[   15089ms] [ERROR] Failed to load resource: net::ERR_BLOCKED_BY_CLIENT @ https://tracking.epicgames.com/tracking.js:0
[   15246ms] [LOG] CSRF: public CSRF token loaded from META: 2yEVEPxq1Bwfyo06YIAz0/bCr5hyw96RFU19+kENmRUCUWojMj6mC4c0p+l8CTHaGNojSm9QJK+5XDHHrOjCKw== @ https://www.artstation.com/community/assets/vendor.92ee79efd9c34463.js:0
[   15247ms] [LOG] CSRF: public CSRF token present: 2yEVEPxq1Bwfyo06YIAz0/bCr5hyw96RFU19+kENmRUCUWojMj6mC4c0p+l8CTHaGNojSm9QJK+5XDHHrOjCKw== @ https://www.artstation.com/community/assets/vendor.92ee79efd9c34463.js:0
[   15742ms] [LOG] CSRF: public CSRF token present: 2yEVEPxq1Bwfyo06YIAz0/bCr5hyw96RFU19+kENmRUCUWojMj6mC4c0p+l8CTHaGNojSm9QJK+5XDHHrOjCKw== @ https://www.artstation.com/community/assets/vendor.92ee79efd9c34463.js:0
[   15743ms] [LOG] POST https://www.artstation.com/api/v2/views_tracking/entity_views.json, PUBLIC-CSRF-TOKEN: 2yEVEPxq1Bwfyo06YIAz0/bCr5hyw96RFU19+kENmRUCUWojMj6mC4c0p+l8CTHaGNojSm9QJK+5XDHHrOjCKw== @ https://www.artstation.com/community/assets/vendor.92ee79efd9c34463.js:0
[   15756ms] [ERROR] Http failure during parsing for chrome-extension://ddkjiahejlhfcafbddmgiahcphecmpfh/web_accessible_resources/noop.txt @ https://www.artstation.com/community/assets/vendor.92ee79efd9c34463.js:0
[   15757ms] [ERROR] Failed to load resource: net::ERR_BLOCKED_BY_CLIENT @ https://o10593.ingest.us.sentry.io/api/4509491647283201/envelope/?sentry_version=7&sentry_key=8decb0278b4779fe41d408ad50963d76&sentry_client=sentry.javascript.angular%2F10.43.0:0
[   16259ms] [WARNING] Error with Permissions-Policy header: Unrecognized feature: 'attribution-reporting'. @ :0
[   16259ms] [WARNING] Error with Permissions-Policy header: Unrecognized feature: 'private-aggregation'. @ :0
[   16259ms] [WARNING] Error with Permissions-Policy header: Unrecognized feature: 'private-state-token-issuance'. @ :0
[   16259ms] [WARNING] Error with Permissions-Policy header: Unrecognized feature: 'private-state-token-redemption'. @ :0
[   16259ms] [WARNING] Error with Permissions-Policy header: Origin trial controlled feature not enabled: 'join-ad-interest-group'. @ :0
[   16259ms] [WARNING] Error with Permissions-Policy header: Unrecognized feature: 'run-ad-auction'. @ :0
[   16259ms] [WARNING] Error with Permissions-Policy header: Unrecognized feature: 'browsing-topics'. @ :0
[   16288ms] [WARNING] Error with Permissions-Policy header: Unrecognized feature: 'attribution-reporting'. @ :0
[   16288ms] [WARNING] Error with Permissions-Policy header: Unrecognized feature: 'private-aggregation'. @ :0
[   16288ms] [WARNING] Error with Permissions-Policy header: Unrecognized feature: 'private-state-token-issuance'. @ :0
[   16288ms] [WARNING] Error with Permissions-Policy header: Unrecognized feature: 'private-state-token-redemption'. @ :0
[   16288ms] [WARNING] Error with Permissions-Policy header: Origin trial controlled feature not enabled: 'join-ad-interest-group'. @ :0
[   16288ms] [WARNING] Error with Permissions-Policy header: Unrecognized feature: 'run-ad-auction'. @ :0
[   16288ms] [WARNING] Error with Permissions-Policy header: Unrecognized feature: 'browsing-topics'. @ :0
[   16336ms] [ERROR] Failed to load resource: net::ERR_BLOCKED_BY_CLIENT @ https://log.pinterest.com/?type=pidget&guid=QfQke3njJrxi&tv=2021110201&event=init&sub=www&button_count=0&follow_count=0&pin_count=0&profile_count=0&board_count=0&section_count=0&lang=tr&nvl=tr-TR&via=https%3A%2F%2Fwww.artstation.com%2Fartwork%2FwO8ELw%3Fnotification_id%3D8266586777:0
