[     750ms] [ERROR] Failed to load resource: net::ERR_BLOCKED_BY_CLIENT @ https://metrics.roblox.com/v1/thumbnails/metadata:0
[     796ms] [ERROR] Failed to load resource: net::ERR_BLOCKED_BY_CLIENT @ https://o293668.ingest.us.sentry.io/api/4509158985826304/envelope/?sentry_version=7&sentry_key=24df60727c94bd0aa14ab1269d104a21&sentry_client=sentry.javascript.browser%2F10.38.0:0
[     842ms] [LOG] WARNING: Tried to load AngularJS more than once. @ https://js.rbxcdn.com/7e3acadef63eb23dd02929eb5e500214e9a8e6400fd42d7a2b35133fc009e0d3-Sentry.js:0
[    1174ms] [WARNING] An error occurred! For more details, see the full error text at https://go.apollo.dev/c/err#%7B%22version%22%3A%223.14.0%22%2C%22message%22%3A104%2C%22args%22%3A%5B%22ApolloClient%22%2C%22connectToDevTools%22%2C%22Please%20use%20%60devtools.enabled%60%20instead.%22%5D%7D @ https://js.rbxcdn.com/7e3acadef63eb23dd02929eb5e500214e9a8e6400fd42d7a2b35133fc009e0d3-Sentry.js:0
[    1213ms] [WARNING] The namespace Purchasing.PurchaseDialog was not found @ https://js.rbxcdn.com/7e3acadef63eb23dd02929eb5e500214e9a8e6400fd42d7a2b35133fc009e0d3-Sentry.js:0
[    1257ms] [ERROR] Failed to load resource: net::ERR_BLOCKED_BY_CLIENT @ https://lms.roblox.com/recipe?iteration=0:0
[    1566ms] [ERROR] Failed to load resource: net::ERR_BLOCKED_BY_CLIENT @ https://ecsv2.roblox.com/www/e.png?btn=GuacMigration&ctx=guac_migration&url=https%3A%2F%2Fapis.roblox.com%2Fguac-v2%2Fv1%2Fbundles%2Fuser-heartbeats&latency=641&version=v2&status=success&error=&errordetails=&evt=guac_migration&lt=2026-07-10T10%3A09%3A31.262Z&gid=-470405427&sid=748a732a-dca6-47be-8f00-c8c2997b2fd3:0
[    1651ms] [LOG] 
      _______      _________      _____       ______     _
     / _____ \    |____ ____|    / ___ \     | ____ \   | |
    / /     \_\       | |       / /   \ \    | |   \ \  | |
    | |               | |      / /     \ \   | |   | |  | |
    \ \______         | |      | |     | |   | |___/ /  | |
     \______ \        | |      | |     | |   |  ____/   | |
            \ \       | |      | |     | |   | |        | |
     _      | |       | |      \ \     / /   | |        |_|
    \ \_____/ /       | |       \ \___/ /    | |         _
     \_______/        |_|        \_____/     |_|        |_|

     Keep your account safe! Do not send any information from
     here to anyone or paste any text here.

     If someone is asking you to copy or paste text here then
     you're giving someone access to your account, your gear,
     and your Robux.

     To learn more about keeping your account safe you can go to

     https://www.roblox.com/info/account-safety @ https://js.rbxcdn.com/7e3acadef63eb23dd02929eb5e500214e9a8e6400fd42d7a2b35133fc009e0d3-Sentry.js:0
[    1783ms] [LOG] Account Security Prompt: No assignments were retrieved @ https://js.rbxcdn.com/7e3acadef63eb23dd02929eb5e500214e9a8e6400fd42d7a2b35133fc009e0d3-Sentry.js:0
[    1787ms] [ERROR] Failed to load resource: net::ERR_BLOCKED_BY_CLIENT @ https://ecsv2.roblox.com/www/e.png?state=true&evt=authPageload&ctx=accountSwitcherStatus&url=https%3A%2F%2Fwww.roblox.com%2Fhome&lt=2026-07-10T10%3A09%3A31.500Z&gid=-470405427&sid=748a732a-dca6-47be-8f00-c8c2997b2fd3:0
[    1840ms] [ERROR] Failed to load resource: the server responded with a status of 403 () @ https://apis.roblox.com/user-heartbeats-api/pulse:0
[    1850ms] [ERROR] Failed to load resource: net::ERR_BLOCKED_BY_CLIENT @ https://cs.ns1p.net/p.js?a=alpts0:0
[    2118ms] [ERROR] Failed to load resource: the server responded with a status of 403 () @ https://apis.roblox.com/rotating-client-service/v1/register:0
[    2120ms] [INFO] [2026-07-10T10:09:31.897Z] Information: WebSocket connected to wss://realtime-signalr.roblox.com/userhub. @ https://js.rbxcdn.com/7e3acadef63eb23dd02929eb5e500214e9a8e6400fd42d7a2b35133fc009e0d3-Sentry.js:0
[    2123ms] [ERROR] Failed to load resource: net::ERR_BLOCKED_BY_CLIENT @ https://ecsv2.roblox.com/www/e.png?btn=GuacMigration&ctx=guac_migration&url=https%3A%2F%2Fapis.roblox.com%2Fguac-v2%2Fv1%2Fbundles%2Fchat-ui&latency=452&version=v2&status=success&error=&errordetails=&evt=guac_migration&lt=2026-07-10T10%3A09%3A31.898Z&gid=-470405427&sid=748a732a-dca6-47be-8f00-c8c2997b2fd3:0
[    2153ms] [ERROR] Failed to load resource: net::ERR_BLOCKED_BY_CLIENT @ https://ecsv2.roblox.com/www/e.png?btn=GuacMigration&ctx=guac_migration&url=https%3A%2F%2Fapis.roblox.com%2Fguac-v2%2Fv1%2Fbundles%2Fnavigation-header-ui&latency=439&version=v2&status=success&error=&errordetails=&evt=guac_migration&lt=2026-07-10T10%3A09%3A31.911Z&gid=-470405427&sid=748a732a-dca6-47be-8f00-c8c2997b2fd3:0
[    2156ms] [ERROR] Failed to load resource: net::ERR_BLOCKED_BY_CLIENT @ https://ecsv2.roblox.com/www/e.png?localTimestamp=1783678171916&isChatEnabled=true&isChatOpen=false&evt=webChatRendered&ctx=WebChatEventContext&url=https%3A%2F%2Fwww.roblox.com%2Fhome&lt=2026-07-10T10%3A09%3A31.916Z&gid=-470405427&sid=748a732a-dca6-47be-8f00-c8c2997b2fd3:0
[    2156ms] [ERROR] Failed to load resource: net::ERR_BLOCKED_BY_CLIENT @ https://metrics.roblox.com/v1/games/report-event?name=WebChatRenderedWeb:0
[    2158ms] [ERROR] Failed to load resource: net::ERR_BLOCKED_BY_CLIENT @ https://ecsv2.roblox.com/www/e.png?btn=GuacMigration&ctx=guac_migration&url=https%3A%2F%2Fapis.roblox.com%2Fguac-v2%2Fv1%2Fbundles%2Fnavigation-header-ui&latency=447&version=v2&status=success&error=&errordetails=&evt=guac_migration&lt=2026-07-10T10%3A09%3A31.918Z&gid=-470405427&sid=748a732a-dca6-47be-8f00-c8c2997b2fd3:0
[    2158ms] [ERROR] Failed to load resource: net::ERR_BLOCKED_BY_CLIENT @ https://ecsv2.roblox.com/www/e.png?btn=GuacMigration&ctx=guac_migration&url=https%3A%2F%2Fapis.roblox.com%2Fguac-v2%2Fv1%2Fbundles%2Fnavigation-header-ui&latency=417&version=v2&status=success&error=&errordetails=&evt=guac_migration&lt=2026-07-10T10%3A09%3A31.919Z&gid=-470405427&sid=748a732a-dca6-47be-8f00-c8c2997b2fd3:0
[    2178ms] [ERROR] Failed to load resource: net::ERR_BLOCKED_BY_CLIENT @ https://ecsv2.roblox.com/www/e.png?btn=GuacMigration&ctx=guac_migration&url=https%3A%2F%2Fapis.roblox.com%2Fguac-v2%2Fv1%2Fbundles%2Fweb-plus-identity-badge&latency=455&version=v2&status=success&error=&errordetails=&evt=guac_migration&lt=2026-07-10T10%3A09%3A31.954Z&gid=-470405427&sid=748a732a-dca6-47be-8f00-c8c2997b2fd3:0
[    2182ms] [ERROR] Failed to load resource: net::ERR_BLOCKED_BY_CLIENT @ https://ecsv2.roblox.com/www/e.png?btn=GuacMigration&ctx=guac_migration&url=https%3A%2F%2Fapis.roblox.com%2Fguac-v2%2Fv1%2Fbundles%2Fcookie-policy&latency=436&version=v2&status=success&error=&errordetails=&evt=guac_migration&lt=2026-07-10T10%3A09%3A31.957Z&gid=-470405427&sid=748a732a-dca6-47be-8f00-c8c2997b2fd3:0
[    2184ms] [ERROR] Failed to load resource: net::ERR_BLOCKED_BY_CLIENT @ https://ecsv2.roblox.com/www/e.png?btn=GuacMigration&ctx=guac_migration&url=https%3A%2F%2Fapis.roblox.com%2Fguac-v2%2Fv1%2Fbundles%2Ffooter-ui&latency=438&version=v2&status=success&error=&errordetails=&evt=guac_migration&lt=2026-07-10T10%3A09%3A31.959Z&gid=-470405427&sid=748a732a-dca6-47be-8f00-c8c2997b2fd3:0
[    2189ms] [ERROR] Failed to load resource: net::ERR_BLOCKED_BY_CLIENT @ https://ecsv2.roblox.com/www/e.png?btn=GuacMigration&ctx=guac_migration&url=https%3A%2F%2Fapis.roblox.com%2Fguac-v2%2Fv1%2Fbundles%2Fuser-agreements-policy&latency=438&version=v2&status=success&error=&errordetails=&evt=guac_migration&lt=2026-07-10T10%3A09%3A31.964Z&gid=-470405427&sid=748a732a-dca6-47be-8f00-c8c2997b2fd3:0
[    2203ms] [ERROR] Failed to load resource: net::ERR_BLOCKED_BY_CLIENT @ https://ecsv2.roblox.com/www/e.png?btn=GuacMigration&ctx=guac_migration&url=https%3A%2F%2Fapis.roblox.com%2Fguac-v2%2Fv1%2Fbundles%2Fuser-settings-global-privacy-control-policy&latency=441&version=v2&status=success&error=&errordetails=&evt=guac_migration&lt=2026-07-10T10%3A09%3A31.974Z&gid=-470405427&sid=748a732a-dca6-47be-8f00-c8c2997b2fd3:0
[    3342ms] [ERROR] Failed to load resource: net::ERR_BLOCKED_BY_CLIENT @ https://ecsv2.roblox.com/www/e.png?btn=DiscoverySdui_FeedStats&homePageSessionInfo=d608b117-9cd0-44cb-a406-401e782f1ea2&100000000_item_count=292&100000000_is_sdui=0&100000001_item_count=1&100000001_is_sdui=0&100000003_item_count=80&100000003_is_sdui=0&100000008_item_count=4&100000008_is_sdui=0&600000000_item_count=0&600000000_is_sdui=0&evt=DiscoverySdui_FeedStats&ctx=Home&url=https%3A%2F%2Fwww.roblox.com%2Fhome&lt=2026-07-10T10%3A09%3A32.830Z&gid=-470405427&sid=748a732a-dca6-47be-8f00-c8c2997b2fd3:0
[    3342ms] [ERROR] Failed to load resource: net::ERR_BLOCKED_BY_CLIENT @ https://metrics.roblox.com/v1/games/report-event?name=HomePageOmniRecommendationEndpointSuccess:0
[    3496ms] [ERROR] Failed to load resource: net::ERR_BLOCKED_BY_CLIENT @ https://ecsv2.roblox.com/www/e.png?evt=pageHeartbeat&ctx=heartbeat1&url=https%3A%2F%2Fwww.roblox.com%2Fhome&lt=2026-07-10T10%3A09%3A33.235Z&gid=-470405427&sid=748a732a-dca6-47be-8f00-c8c2997b2fd3:0
[    3679ms] [ERROR] Failed to load resource: net::ERR_BLOCKED_BY_CLIENT @ https://ecsv2.roblox.com/www/e.png?btn=GuacMigration&ctx=guac_migration&url=https%3A%2F%2Fapis.roblox.com%2Fguac-v2%2Fv1%2Fbundles%2Ffree-communication-infographics&latency=804&version=v2&status=success&error=&errordetails=&evt=guac_migration&lt=2026-07-10T10%3A09%3A33.454Z&gid=-470405427&sid=748a732a-dca6-47be-8f00-c8c2997b2fd3:0
[    4286ms] [WARNING] The translation key 'Label.RobloxPlusSubscriber' not found. Please check for a missing string or a typo. @ https://js.rbxcdn.com/7e3acadef63eb23dd02929eb5e500214e9a8e6400fd42d7a2b35133fc009e0d3-Sentry.js:0
[    4292ms] [WARNING] The translation key 'Label.RobloxPlusSubscriber' not found. Please check for a missing string or a typo. @ https://js.rbxcdn.com/7e3acadef63eb23dd02929eb5e500214e9a8e6400fd42d7a2b35133fc009e0d3-Sentry.js:0
[    4293ms] [WARNING] The translation key 'Label.RobloxPlusSubscriber' not found. Please check for a missing string or a typo. @ https://js.rbxcdn.com/7e3acadef63eb23dd02929eb5e500214e9a8e6400fd42d7a2b35133fc009e0d3-Sentry.js:0
[    4293ms] [WARNING] The translation key 'Label.RobloxPlusSubscriber' not found. Please check for a missing string or a typo. @ https://js.rbxcdn.com/7e3acadef63eb23dd02929eb5e500214e9a8e6400fd42d7a2b35133fc009e0d3-Sentry.js:0
[    4293ms] [WARNING] The translation key 'Label.RobloxPlusSubscriber' not found. Please check for a missing string or a typo. @ https://js.rbxcdn.com/7e3acadef63eb23dd02929eb5e500214e9a8e6400fd42d7a2b35133fc009e0d3-Sentry.js:0
[    4324ms] [WARNING] The translation key 'Label.RobloxPlusSubscriber' not found. Please check for a missing string or a typo. @ https://js.rbxcdn.com/7e3acadef63eb23dd02929eb5e500214e9a8e6400fd42d7a2b35133fc009e0d3-Sentry.js:0
[    4325ms] [WARNING] The translation key 'Label.RobloxPlusSubscriber' not found. Please check for a missing string or a typo. @ https://js.rbxcdn.com/7e3acadef63eb23dd02929eb5e500214e9a8e6400fd42d7a2b35133fc009e0d3-Sentry.js:0
[    4325ms] [WARNING] The translation key 'Label.RobloxPlusSubscriber' not found. Please check for a missing string or a typo. @ https://js.rbxcdn.com/7e3acadef63eb23dd02929eb5e500214e9a8e6400fd42d7a2b35133fc009e0d3-Sentry.js:0
[    4326ms] [WARNING] The translation key 'Label.RobloxPlusSubscriber' not found. Please check for a missing string or a typo. @ https://js.rbxcdn.com/7e3acadef63eb23dd02929eb5e500214e9a8e6400fd42d7a2b35133fc009e0d3-Sentry.js:0
[    4326ms] [WARNING] The translation key 'Label.RobloxPlusSubscriber' not found. Please check for a missing string or a typo. @ https://js.rbxcdn.com/7e3acadef63eb23dd02929eb5e500214e9a8e6400fd42d7a2b35133fc009e0d3-Sentry.js:0
[    4327ms] [WARNING] The translation key 'Label.RobloxPlusSubscriber' not found. Please check for a missing string or a typo. @ https://js.rbxcdn.com/7e3acadef63eb23dd02929eb5e500214e9a8e6400fd42d7a2b35133fc009e0d3-Sentry.js:0
[    4327ms] [WARNING] The translation key 'Label.RobloxPlusSubscriber' not found. Please check for a missing string or a typo. @ https://js.rbxcdn.com/7e3acadef63eb23dd02929eb5e500214e9a8e6400fd42d7a2b35133fc009e0d3-Sentry.js:0
[    4328ms] [WARNING] The translation key 'Label.RobloxPlusSubscriber' not found. Please check for a missing string or a typo. @ https://js.rbxcdn.com/7e3acadef63eb23dd02929eb5e500214e9a8e6400fd42d7a2b35133fc009e0d3-Sentry.js:0
[    4328ms] [WARNING] The translation key 'Label.RobloxPlusSubscriber' not found. Please check for a missing string or a typo. @ https://js.rbxcdn.com/7e3acadef63eb23dd02929eb5e500214e9a8e6400fd42d7a2b35133fc009e0d3-Sentry.js:0
[    4328ms] [WARNING] The translation key 'Label.RobloxPlusSubscriber' not found. Please check for a missing string or a typo. @ https://js.rbxcdn.com/7e3acadef63eb23dd02929eb5e500214e9a8e6400fd42d7a2b35133fc009e0d3-Sentry.js:0
[    4549ms] [WARNING] The translation key 'Label.RobloxPlusSubscriber' not found. Please check for a missing string or a typo. @ https://js.rbxcdn.com/7e3acadef63eb23dd02929eb5e500214e9a8e6400fd42d7a2b35133fc009e0d3-Sentry.js:0
[    4550ms] [WARNING] The translation key 'Label.RobloxPlusSubscriber' not found. Please check for a missing string or a typo. @ https://js.rbxcdn.com/7e3acadef63eb23dd02929eb5e500214e9a8e6400fd42d7a2b35133fc009e0d3-Sentry.js:0
[    4550ms] [WARNING] The translation key 'Label.RobloxPlusSubscriber' not found. Please check for a missing string or a typo. @ https://js.rbxcdn.com/7e3acadef63eb23dd02929eb5e500214e9a8e6400fd42d7a2b35133fc009e0d3-Sentry.js:0
[    4550ms] [WARNING] The translation key 'Label.RobloxPlusSubscriber' not found. Please check for a missing string or a typo. @ https://js.rbxcdn.com/7e3acadef63eb23dd02929eb5e500214e9a8e6400fd42d7a2b35133fc009e0d3-Sentry.js:0
[    4551ms] [WARNING] The translation key 'Label.RobloxPlusSubscriber' not found. Please check for a missing string or a typo. @ https://js.rbxcdn.com/7e3acadef63eb23dd02929eb5e500214e9a8e6400fd42d7a2b35133fc009e0d3-Sentry.js:0
[    6390ms] [ERROR] Failed to load resource: net::ERR_BLOCKED_BY_CLIENT @ https://o293668.ingest.us.sentry.io/api/4509158985826304/envelope/?sentry_version=7&sentry_key=24df60727c94bd0aa14ab1269d104a21&sentry_client=sentry.javascript.browser%2F10.38.0:0
[    6638ms] [ERROR] Failed to load resource: net::ERR_BLOCKED_BY_CLIENT @ https://ecsv2.roblox.com/www/e.png?clientTimestampMilliseconds=1783678174320&observedUserId=1327643007&presenceType=2&placeId=97598239454123&universeId=10200395747&gameId=c79d3bb0-f962-428d-bd56-5c9e6934d405&lastLocation=Grow+a+Garden+2&implementationVariant=Web&evt=PresenceImpression&ctx=PresenceImpression&url=https%3A%2F%2Fwww.roblox.com%2Fhome&lt=2026-07-10T10%3A09%3A34.320Z&gid=-470405427&sid=748a732a-dca6-47be-8f00-c8c2997b2fd3:0
[    6639ms] [ERROR] Failed to load resource: net::ERR_BLOCKED_BY_CLIENT @ https://ecsv2.roblox.com/www/e.png?clientTimestampMilliseconds=1783678174321&observedUserId=5190184455&presenceType=3&placeId=&universeId=&gameId=&lastLocation=Studio&implementationVariant=Web&evt=PresenceImpression&ctx=PresenceImpression&url=https%3A%2F%2Fwww.roblox.com%2Fhome&lt=2026-07-10T10%3A09%3A34.321Z&gid=-470405427&sid=748a732a-dca6-47be-8f00-c8c2997b2fd3:0
[    9789ms] [ERROR] Failed to load resource: the server responded with a status of 403 () @ https://apis.roblox.com/rotating-client-service/v1/heartbeat?pathname=%2Fhome:0
[   12364ms] [ERROR] Failed to load resource: net::ERR_BLOCKED_BY_CLIENT @ https://ecsv2.roblox.com/www/e.png?evt=pageHeartbeat&ctx=heartbeat2&url=https%3A%2F%2Fwww.roblox.com%2Fhome&lt=2026-07-10T10%3A09%3A42.132Z&gid=-470405427&sid=748a732a-dca6-47be-8f00-c8c2997b2fd3:0
[   17374ms] [ERROR] Failed to load resource: net::ERR_BLOCKED_BY_CLIENT @ https://o293668.ingest.us.sentry.io/api/4509158985826304/envelope/?sentry_version=7&sentry_key=24df60727c94bd0aa14ab1269d104a21&sentry_client=sentry.javascript.browser%2F10.38.0:0
[   20790ms] [ERROR] Failed to load resource: net::ERR_BLOCKED_BY_CLIENT @ https://ecsv2.roblox.com/www/e.png?evt=pageHeartbeat_v2&ctx=heartbeat1&url=https%3A%2F%2Fwww.roblox.com%2Fhome&lt=2026-07-10T10%3A09%3A50.565Z&gid=-470405427&sid=748a732a-dca6-47be-8f00-c8c2997b2fd3:0
[   33359ms] [ERROR] Failed to load resource: net::ERR_BLOCKED_BY_CLIENT @ https://ecsv2.roblox.com/www/e.png?evt=pageHeartbeat&ctx=heartbeat3&url=https%3A%2F%2Fwww.roblox.com%2Fhome&lt=2026-07-10T10%3A10%3A03.134Z&gid=-470405427&sid=748a732a-dca6-47be-8f00-c8c2997b2fd3:0
[   38366ms] [ERROR] Failed to load resource: net::ERR_BLOCKED_BY_CLIENT @ https://o293668.ingest.us.sentry.io/api/4509158985826304/envelope/?sentry_version=7&sentry_key=24df60727c94bd0aa14ab1269d104a21&sentry_client=sentry.javascript.browser%2F10.38.0:0
[   40786ms] [ERROR] Failed to load resource: net::ERR_BLOCKED_BY_CLIENT @ https://ecsv2.roblox.com/www/e.png?evt=pageHeartbeat_v2&ctx=heartbeat2&url=https%3A%2F%2Fwww.roblox.com%2Fhome&lt=2026-07-10T10%3A10%3A10.562Z&gid=-470405427&sid=748a732a-dca6-47be-8f00-c8c2997b2fd3:0
[   60791ms] [ERROR] Failed to load resource: net::ERR_BLOCKED_BY_CLIENT @ https://ecsv2.roblox.com/www/e.png?evt=pageHeartbeat_v2&ctx=heartbeat3&url=https%3A%2F%2Fwww.roblox.com%2Fhome&lt=2026-07-10T10%3A10%3A30.567Z&gid=-470405427&sid=748a732a-dca6-47be-8f00-c8c2997b2fd3:0
[   79361ms] [ERROR] Failed to load resource: net::ERR_BLOCKED_BY_CLIENT @ https://o293668.ingest.us.sentry.io/api/4509158985826304/envelope/?sentry_version=7&sentry_key=24df60727c94bd0aa14ab1269d104a21&sentry_client=sentry.javascript.browser%2F10.38.0:0
[   80784ms] [ERROR] Failed to load resource: net::ERR_BLOCKED_BY_CLIENT @ https://ecsv2.roblox.com/www/e.png?evt=pageHeartbeat_v2&ctx=heartbeat4&url=https%3A%2F%2Fwww.roblox.com%2Fhome&lt=2026-07-10T10%3A10%3A50.559Z&gid=-470405427&sid=748a732a-dca6-47be-8f00-c8c2997b2fd3:0
[   94357ms] [ERROR] Failed to load resource: net::ERR_BLOCKED_BY_CLIENT @ https://ecsv2.roblox.com/www/e.png?evt=pageHeartbeat&ctx=heartbeat4&url=https%3A%2F%2Fwww.roblox.com%2Fhome&lt=2026-07-10T10%3A11%3A04.132Z&gid=-470405427&sid=748a732a-dca6-47be-8f00-c8c2997b2fd3:0
[   98058ms] [WARNING] The translation key 'Label.RobloxPlusSubscriber' not found. Please check for a missing string or a typo. @ https://js.rbxcdn.com/7e3acadef63eb23dd02929eb5e500214e9a8e6400fd42d7a2b35133fc009e0d3-Sentry.js:0
[   98058ms] [WARNING] The translation key 'Label.RobloxPlusSubscriber' not found. Please check for a missing string or a typo. @ https://js.rbxcdn.com/7e3acadef63eb23dd02929eb5e500214e9a8e6400fd42d7a2b35133fc009e0d3-Sentry.js:0
[   98058ms] [WARNING] The translation key 'Label.RobloxPlusSubscriber' not found. Please check for a missing string or a typo. @ https://js.rbxcdn.com/7e3acadef63eb23dd02929eb5e500214e9a8e6400fd42d7a2b35133fc009e0d3-Sentry.js:0
[   98058ms] [WARNING] The translation key 'Label.RobloxPlusSubscriber' not found. Please check for a missing string or a typo. @ https://js.rbxcdn.com/7e3acadef63eb23dd02929eb5e500214e9a8e6400fd42d7a2b35133fc009e0d3-Sentry.js:0
[   98059ms] [WARNING] The translation key 'Label.RobloxPlusSubscriber' not found. Please check for a missing string or a typo. @ https://js.rbxcdn.com/7e3acadef63eb23dd02929eb5e500214e9a8e6400fd42d7a2b35133fc009e0d3-Sentry.js:0
[   98401ms] [ERROR] Failed to load resource: net::ERR_BLOCKED_BY_CLIENT @ https://ecsv2.roblox.com/www/e.png?btn=itemImpressions&context=Home&contentType=User&collectionId=600000000&collectionPosition=1&totalNumberOfItems=9&itemIds=1327643007%2C5190184455%2C1111392738%2C5208084043%2C552714899%2C276697747%2C2630376797%2C2575667450%2C7020055312&itemPositions=1%2C2%2C3%2C4%2C5%2C6%2C7%2C8%2C9&positionsInTopic=1%2C2%2C3%2C4%2C5%2C6%2C7%2C8%2C9&rowNumbers=1%2C1%2C1%2C1%2C1%2C1%2C1%2C1%2C1&presences=inGame%2CinStudio%2Coffline%2Coffline%2Coffline%2Coffline%2Coffline%2Coffline%2Coffline&presenceUniverseIds=10200395747%2C-1%2C-1%2C-1%2C-1%2C-1%2C-1%2C-1%2C-1&friendStatuses=friend%2Cfriend%2Cfriend%2Cfriend%2Cfriend%2Cfriend%2Cfriend%2Cfriend%2Cfriend&sourceCarousel=WebHomeFriendsCarousel&homePageSessionInfo=d608b117-9cd0-44cb-a406-401e782f1ea2&evt=itemImpressions&ctx=Home&url=https%3A%2F%2Fwww.roblox.com%2Fhome&lt=2026-07-10T10%3A11%3A08.176Z&gid=-470405427&sid=748a732a-dca6-47be-8f00-c8c2997b2fd3:0
[   98501ms] [ERROR] Failed to load resource: net::ERR_BLOCKED_BY_CLIENT @ https://ecsv2.roblox.com/www/e.png?btn=gameImpressions&newGameEnum_arr=%5B%220%22%2C%220%22%2C%220%22%2C%220%22%2C%220%22%2C%220%22%2C%220%22%2C%220%22%2C%220%22%2C%220%22%2C%220%22%2C%220%22%2C%220%22%5D&rootPlaceIds=%5B7041939546%2C109983668079237%2C9534337535%2C75541741887441%2C18214855317%2C12054551325%2C116495829188952%2C2753915549%2C2768379856%2C139479974581524%2C4580204640%2C17625359962%2C6516141723%5D&universeIds=%5B2711375305%2C7709344486%2C3551414857%2C8198412649%2C6174994284%2C4257969255%2C7018190066%2C994732206%2C1000233041%2C6593208232%2C1489026993%2C6035872082%2C2440500124%5D&tileBadgeContexts=%5B%220%22%2C%220%22%2C%220%22%2C%220%22%2C%220%22%2C%220%22%2C%220%22%2C%220%22%2C%220%22%2C%220%22%2C%220%22%2C%220%22%2C%220%22%5D&rowsOnPage=%5B3%2C3%2C3%2C3%2C3%2C3%2C3%2C3%2C3%2C3%2C3%2C3%2C3%5D&positionsInRow=%5B0%2C1%2C2%2C3%2C4%2C5%2C6%2C7%2C8%2C9%2C10%2C11%2C12%5D&navigationUids=%5B%220%22%2C%220%22%2C%220%22%2C%220%22%2C%220%22%2C%220%22%2C%220%22%2C%220%22%2C%220%22%2C%220%22%2C%220%22%2C%220%22%2C%220%22%5D&absPositions=%5B0%2C1%2C2%2C3%2C4%2C5%2C6%2C7%2C8%2C9%2C10%2C11%2C12%5D&positionsInTopic=%5B0%2C1%2C2%2C3%2C4%2C5%2C6%2C7%2C8%2C9%2C10%2C11%2C12%5D&sortPos=2&gameSetTypeId=100000003&sortSubId=&page=homePage&homePageSessionInfo=d608b117-9cd0-44cb-a406-401e782f1ea2&evt=gameImpressions&ctx=formInteraction&url=https%3A%2F%2Fwww.roblox.com%2Fhome&lt=2026-07-10T10%3A11%3A08.277Z&gid=-470405427&sid=748a732a-dca6-47be-8f00-c8c2997b2fd3:0
[   98502ms] [ERROR] Failed to load resource: net::ERR_BLOCKED_BY_CLIENT @ https://ecsv2.roblox.com/www/e.png?btn=gameImpressions&newGameEnum_arr=%5B%220%22%2C%220%22%2C%220%22%2C%220%22%2C%220%22%2C%220%22%2C%220%22%2C%220%22%2C%220%22%2C%220%22%2C%220%22%2C%220%22%5D&rootPlaceIds=%5B95082159892680%2C78515283254292%2C85094158141349%2C122266086263997%2C139769003880269%2C88933961678687%2C12550651382%2C139160315848670%2C97463774278378%2C79268393072444%2C83569851223739%2C137826330724902%5D&universeIds=%5B9584852943%2C10148749921%2C9237322219%2C7002376067%2C9945976408%2C9485131494%2C4408288935%2C10015248476%2C10029297024%2C7395930870%2C10057343903%2C8539298853%5D&thumbnailAssetIds=%5B99865646169818%2C131807135923799%2C75274574758513%2C124597421158228%2C%220%22%2C128081536621023%2C128678367548568%2C122137562541879%2C120292043458232%2C92697412427519%2C117504793772247%2C102532155553342%5D&thumbnailListIds=%5B%2255a36642-f509-43c5-b62a-b86de21a6a3a%22%2C%221c0a3929-a249-4b6d-b241-a8fe26b331cc%22%2C%223f582adf-7249-40f3-b214-1bd745ef02f0%22%2C%22b562630e-48da-4b99-925e-cf276738602f%22%2C%220%22%2C%22b19d4e09-2534-4b0d-a00b-e35eca2f6ee7%22%2C%22061c0162-f986-49ba-9e33-7deb3216a7eb%22%2C%22ffa7bd9c-04ee-4c0e-af3c-531696371656%22%2C%22ea82ed78-fda7-4711-8548-bbeef8c31a39%22%2C%22a2f7217f-abe1-4645-88f6-1d66733a491f%22%2C%22cdb640b4-8b54-4f52-be6a-287af9f551c8%22%2C%228f7251c7-b4f0-491d-bcc1-777c406b6d97%22%5D&videoThumbnailAssetIds=%5B0%2C0%2C0%2C0%2C0%2C0%2C0%2C0%2C0%2C0%2C0%2C0%5D&tileBadgeContexts=%5B%220%22%2C%220%22%2C%220%22%2C%220%22%2C%220%22%2C%220%22%2C%220%22%2C%220%22%2C%220%22%2C%220%22%2C%220%22%2C%220%22%5D&navigationUids=%5B%220%22%2C%220%22%2C%220%22%2C%220%22%2C%220%22%2C%220%22%2C%220%22%2C%220%22%2C%220%22%2C%220%22%2C%220%22%2C%220%22%5D&absPositions=%5B0%2C1%2C2%2C3%2C4%2C5%2C6%2C7%2C8%2C9%2C10%2C11%5D&positionsInTopic=%5B0%2C1%2C2%2C3%2C4%2C5%2C6%2C7%2C8%2C9%2C10%2C11%5D&rowsOnPage=%5B1%2C1%2C1%2C1%2C1%2C1%2C2%2C2%2C2%2C2%2C2%2C2%5D&positionsInRow=%5B0%2C1%2C2%2C3%2C4%2C5%2C0%2C1%2C2%2C3%2C4%2C5%5D&sortPos=1&numberOfLoadedTiles=12&gameSetTypeId=100000000&sortSubId=&page=homePage&homePageSessionInfo=d608b117-9cd0-44cb-a406-401e782f1ea2&evt=gameImpressions&ctx=formInteraction&url=https%3A%2F%2Fwww.roblox.com%2Fhome&lt=2026-07-10T10%3A11%3A08.278Z&gid=-470405427&sid=748a732a-dca6-47be-8f00-c8c2997b2fd3:0
