[     293ms] [WARNING] Manifest: property 'migrate_from' ignored, manifest must specify an 'id' property in order to receive a migration. @ https://www.youtube.com/manifest.webmanifest:0
[    2031ms] [INFO] LegacyDataMixin will be applied to all legacy elements.
Set `_legacyUndefinedCheck: true` on element class to enable. @ https://www.youtube.com/s/_/ytmainappweb/_/js/k=ytmainappweb.kevlar_base.en_US.YYm_eSCZ8lI.es5.O/am=AAAAABAAcAQAAw/d=1/br=1/rs=AGKMywFOSuyINlPByn0JpN9t276dXhJH0w/m=kevlar_base_module,kevlar_main_module,kevlar_base_sync_mod_chunk:10014
[    2167ms] [ERROR] Blocked script execution in 'about:blank' because the document's frame is sandboxed and the 'allow-scripts' permission is not set. @ :1442
[    2169ms] [ERROR] Blocked script execution in 'about:blank' because the document's frame is sandboxed and the 'allow-scripts' permission is not set. @ :1442
[    2171ms] [ERROR] Blocked script execution in 'about:blank' because the document's frame is sandboxed and the 'allow-scripts' permission is not set. @ :1442
[    2172ms] [ERROR] Blocked script execution in 'about:blank' because the document's frame is sandboxed and the 'allow-scripts' permission is not set. @ :1442
[    2174ms] [ERROR] Blocked script execution in 'about:blank' because the document's frame is sandboxed and the 'allow-scripts' permission is not set. @ :1442
[    2175ms] [ERROR] Blocked script execution in 'about:blank' because the document's frame is sandboxed and the 'allow-scripts' permission is not set. @ :1442
[    2177ms] [ERROR] Blocked script execution in 'about:blank' because the document's frame is sandboxed and the 'allow-scripts' permission is not set. @ :1442
[    2177ms] [ERROR] Blocked script execution in 'about:blank' because the document's frame is sandboxed and the 'allow-scripts' permission is not set. @ :1442
[    2185ms] [ERROR] Blocked script execution in 'about:blank' because the document's frame is sandboxed and the 'allow-scripts' permission is not set. @ about:blank:0
[    2185ms] [ERROR] Blocked script execution in 'about:blank' because the document's frame is sandboxed and the 'allow-scripts' permission is not set. @ about:blank:0
[    2425ms] [ERROR] Failed to load resource: net::ERR_BLOCKED_BY_CLIENT @ https://www.google.com/pagead/lvz?evtid=ACd6KtxJcKyVrQgR6CAp8aRe1NFiA7Rr5wC5WbxotnmM0Qghkmetjm19vhs2WhUSqiMPCJQwTkhpIYTw2uGqnCStANEJFwkmjA&req_ts=1783678216&pg=MainAppBootstrap%3AHome&az=1&sigh=AB9vU409ZxbCaTiIkbIKULTHWhLVQ1pdkw:0
[    2426ms] [ERROR] Failed to load resource: net::ERR_BLOCKED_BY_CLIENT @ https://www.google.com.tr/pagead/lvz?evtid=ACd6KtxJcKyVrQgR6CAp8aRe1NFiA7Rr5wC5WbxotnmM0Qghkmetjm19vhs2WhUSqiMPCJQwTkhpIYTw2uGqnCStANEJFwkmjA&req_ts=1783678216&pg=MainAppBootstrap%3AHome&az=1&sigh=AB9vU409ZxbCaTiIkbIKULTHWhLVQ1pdkw:0
[    2902ms] [ERROR] Failed to load resource: net::ERR_BLOCKED_BY_CLIENT @ https://www.youtube.com/generate_204?T5PEsQ:0
[    2935ms] [ERROR] Failed to load resource: net::ERR_BLOCKED_BY_CLIENT @ https://www.youtube.com/youtubei/v1/log_event?alt=json:0
[    3019ms] [INFO] Banner not shown: beforeinstallpromptevent.preventDefault() called. The page must call beforeinstallpromptevent.prompt() to show the banner. @ https://www.youtube.com/:0
[    3072ms] [ERROR] Failed to load resource: net::ERR_BLOCKED_BY_CLIENT @ https://www.youtube.com/youtubei/v1/log_event?alt=json:0
[    3114ms] [ERROR] Failed to load resource: net::ERR_BLOCKED_BY_CLIENT @ https://www.youtube.com/youtubei/v1/log_event?alt=json:0
[    3170ms] [ERROR] Blocked script execution in 'about:blank' because the document's frame is sandboxed and the 'allow-scripts' permission is not set. @ about:blank:0
[    3170ms] [ERROR] Blocked script execution in 'about:blank' because the document's frame is sandboxed and the 'allow-scripts' permission is not set. @ about:blank:0
[    3240ms] [ERROR] Failed to load resource: net::ERR_BLOCKED_BY_CLIENT @ https://www.youtube.com/youtubei/v1/log_event?alt=json:0
[    3276ms] [ERROR] Blocked script execution in 'about:blank' because the document's frame is sandboxed and the 'allow-scripts' permission is not set. @ about:blank:0
[    3358ms] [ERROR] Failed to load resource: net::ERR_BLOCKED_BY_CLIENT @ https://www.youtube.com/youtubei/v1/log_event?alt=json:0
[    3393ms] [WARNING] Error with Permissions-Policy header: Unrecognized feature: 'attribution-reporting'. @ :0
[    3393ms] [WARNING] Error with Permissions-Policy header: Unrecognized feature: 'private-aggregation'. @ :0
[    3393ms] [WARNING] Error with Permissions-Policy header: Unrecognized feature: 'private-state-token-issuance'. @ :0
[    3393ms] [WARNING] Error with Permissions-Policy header: Unrecognized feature: 'private-state-token-redemption'. @ :0
[    3393ms] [WARNING] Error with Permissions-Policy header: Origin trial controlled feature not enabled: 'join-ad-interest-group'. @ :0
[    3393ms] [WARNING] Error with Permissions-Policy header: Unrecognized feature: 'run-ad-auction'. @ :0
[    3393ms] [WARNING] Error with Permissions-Policy header: Unrecognized feature: 'browsing-topics'. @ :0
[    3484ms] [ERROR] Failed to load resource: net::ERR_BLOCKED_BY_CLIENT @ https://www.youtube.com/youtubei/v1/log_event?alt=json:0
[    3671ms] [ERROR] Blocked script execution in 'about:blank' because the document's frame is sandboxed and the 'allow-scripts' permission is not set. @ about:blank:0
[    4275ms] [ERROR] Blocked script execution in 'about:blank' because the document's frame is sandboxed and the 'allow-scripts' permission is not set. @ about:blank:0
[    4390ms] [ERROR] Failed to load resource: net::ERR_BLOCKED_BY_CLIENT @ https://www.youtube.com/api/stats/qoe?cpn=53YrodnvfntwnpeN&el=detailpage&ns=yt&fexp=v1%2C24004644%2C49741%2C445148%2C14826321%2C11737789%2C9105%2C22730%2C2821%2C124674%2C77203%2C65%2C13917%2C26504%2C9252%2C3479%2C13030%2C23206%2C69841%2C8206%2C2625%2C1904%2C18126%2C2878%2C12227%2C25059%2C4174%2C30447%2C18705%2C21437%2C4571%2C5236%2C7779%2C16088%2C6620%2C2784%2C23826%2C9500%2C1840%2C14783%2C3331%2C6145%2C300%2C6962%2C14195%2C13159%2C452%2C30488%2C5023%2C9969%2C10619%2C2364%2C2293%2C29656%2C6491%2C2690%2C7242%2C8174%2C82%2C4406%2C12971%2C1%2C12582%2C7525%2C6032%2C1168%2C372%2C490%2C2325%2C4943%2C16625%2C8868%2C3475%2C4971%2C382%2C1899%2C5515%2C2452%2C2524%2C1846%2C402%2C114%2C159%2C8116%2C1143%2C2550%2C11589%2C1353%2C109%2C10252%2C13473%2C3971%2C421%2C166%2C174%2C2852%2C187%2C228%2C30%2C566%2C5341%2C3040%2C215%2C451%2C8%2C1549%2C2%2C1343%2C2957%2C246%2C773%2C682%2C3185%2C322%2C2343%2C523%2C16375&cl=944603399&seq=1&docid=4XXFe2rsUAU&ei=DMVQatTvHu-gp-oPneW0yA8&event=streamingstats&feature=g-high-rec&plid=AAZWPvK6g11TEFn6&sdetail=p%3A%2F&sourceid=y&cbr=Chrome&cbrver=150.0.0.0&c=WEB&cver=2.20260708.00.00&cplayer=UNIPLAYER&cos=Windows&cosver=10.0&cplatform=DESKTOP&vps=0.000:N,0.014:B,0.030:B,0.030:B&cat=streaming,sabr&cmt=0.014:0.000,0.030:0.000&user_intent=0.003&bwe=0.030:878372&bat=0.030:1:1&vis=0.030:5&bh=0.030:0.000&qclc=ChA1M1lyb2RudmZudHducGVOEAE:0
[    4671ms] [ERROR] Blocked script execution in 'about:blank' because the document's frame is sandboxed and the 'allow-scripts' permission is not set. @ about:blank:0
[    5279ms] [ERROR] Blocked script execution in 'about:blank' because the document's frame is sandboxed and the 'allow-scripts' permission is not set. @ about:blank:0
[    5381ms] [ERROR] Failed to load resource: net::ERR_BLOCKED_BY_CLIENT @ https://www.youtube.com/api/stats/qoe?fmt=243&afmt=251&cpn=JS8OAstGd4XPvRjU&el=detailpage&ns=yt&fexp=v1%2C24004644%2C49741%2C445148%2C14826321%2C11737789%2C9105%2C22730%2C2821%2C124674%2C77203%2C65%2C13917%2C26504%2C9252%2C3479%2C13030%2C23206%2C69841%2C8206%2C2625%2C1904%2C18126%2C2878%2C12227%2C25059%2C4174%2C30447%2C18705%2C21437%2C4571%2C5236%2C7779%2C16088%2C6620%2C2784%2C23826%2C9500%2C1840%2C14783%2C3331%2C6145%2C300%2C6962%2C14195%2C13159%2C452%2C30488%2C5023%2C9969%2C10619%2C2364%2C2293%2C29656%2C6491%2C2690%2C7242%2C8174%2C82%2C4406%2C12971%2C1%2C12582%2C7525%2C6032%2C1168%2C372%2C490%2C2325%2C4943%2C16625%2C8868%2C3475%2C4971%2C382%2C1899%2C5515%2C2452%2C2524%2C1846%2C402%2C114%2C159%2C8116%2C1143%2C2550%2C11589%2C1353%2C109%2C10252%2C13473%2C3971%2C421%2C166%2C174%2C2852%2C187%2C228%2C30%2C566%2C5341%2C3040%2C215%2C451%2C8%2C1549%2C2%2C1343%2C2957%2C246%2C773%2C682%2C3185%2C322%2C2343%2C523%2C16375&cl=944603399&seq=1&docid=4XXFe2rsUAU&ei=DMVQatTvHu-gp-oPneW0yA8&event=streamingstats&feature=g-high-rec&plid=AAZWPvK6g11TEFn6&sdetail=p%3A%2F&sourceid=y&cbr=Chrome&cbrver=150.0.0.0&c=WEB&cver=2.20260708.00.00&cplayer=UNIPLAYER&cos=Windows&cosver=10.0&cplatform=DESKTOP&vps=0.000:N,0.008:B,0.028:B,0.028:B&cat=streaming,sabr&cmt=0.008:0.000,0.028:0.000&afs=0.026:251;CggKA2RyYxIBMQ::i:fl.-14;tl.-14;vg.0;nm.1;sms.2:CAMoAQ&vfs=0.028:243:243::a:sms.2:CAMoAQ&view=0.028:556:313&bwm=0.028:308030:0.021&bwe=0.028:963307&bat=0.028:1:1&vis=0.028:5&bh=0.028:0.000&qclc=ChBKUzhPQXN0R2Q0WFB2UmpVEAE:0
[    5440ms] [ERROR] Failed to load resource: net::ERR_BLOCKED_BY_CLIENT @ https://www.youtube.com/api/stats/qoe?fmt=243&afmt=251&cpn=JS8OAstGd4XPvRjU&el=detailpage&ns=yt&fexp=v1%2C24004644%2C49741%2C445148%2C14826321%2C11737789%2C9105%2C22730%2C2821%2C124674%2C77203%2C65%2C13917%2C26504%2C9252%2C3479%2C13030%2C23206%2C69841%2C8206%2C2625%2C1904%2C18126%2C2878%2C12227%2C25059%2C4174%2C30447%2C18705%2C21437%2C4571%2C5236%2C7779%2C16088%2C6620%2C2784%2C23826%2C9500%2C1840%2C14783%2C3331%2C6145%2C300%2C6962%2C14195%2C13159%2C452%2C30488%2C5023%2C9969%2C10619%2C2364%2C2293%2C29656%2C6491%2C2690%2C7242%2C8174%2C82%2C4406%2C12971%2C1%2C12582%2C7525%2C6032%2C1168%2C372%2C490%2C2325%2C4943%2C16625%2C8868%2C3475%2C4971%2C382%2C1899%2C5515%2C2452%2C2524%2C1846%2C402%2C114%2C159%2C8116%2C1143%2C2550%2C11589%2C1353%2C109%2C10252%2C13473%2C3971%2C421%2C166%2C174%2C2852%2C187%2C228%2C30%2C566%2C5341%2C3040%2C215%2C451%2C8%2C1549%2C2%2C1343%2C2957%2C246%2C773%2C682%2C3185%2C322%2C2343%2C523%2C16375&cl=944603399&seq=2&docid=4XXFe2rsUAU&ei=DMVQatTvHu-gp-oPneW0yA8&event=streamingstats&feature=g-high-rec&plid=AAZWPvK6g11TEFn6&sdetail=p%3A%2F&sourceid=y&cbr=Chrome&cbrver=150.0.0.0&c=WEB&cver=2.20260708.00.00&cplayer=UNIPLAYER&cos=Windows&cosver=10.0&cplatform=DESKTOP&ctmp=agc:t.33;stnorm.0;env.-14;fml.-14;tmin.-31;tmax.-14;ng.0&bh=0.047:12.880,0.086:19.640&cmt=0.047:0.001,0.086:0.018&vps=0.047:PL,0.086:N&user_intent=0.003&bwm=0.086:404406:0.023&bwe=0.086:963307&bat=0.086:1:1&df=0.086:0&qclc=ChBKUzhPQXN0R2Q0WFB2UmpVEAI:0
[    5446ms] [ERROR] Failed to load resource: net::ERR_BLOCKED_BY_CLIENT @ https://www.youtube.com/ptracking?html5=1&video_id=4XXFe2rsUAU&cpn=JS8OAstGd4XPvRjU&ei=DMVQatTvHu-gp-oPneW0yA8&ptk=youtube_single&oid=-yT9z_aIw-njbhb_FHddCw&ptchn=oe0QD045tgbTE6bsbRGU5w&pltype=content:0
[    5463ms] [ERROR] Failed to load resource: net::ERR_BLOCKED_BY_CLIENT @ https://www.youtube.com/youtubei/v1/log_event?alt=json:0
[    6103ms] [ERROR] Failed to load resource: net::ERR_BLOCKED_BY_CLIENT @ https://www.youtube.com/api/stats/qoe?fmt=243&afmt=251&cpn=DBDmU88wvKLq0KGG&el=detailpage&ns=yt&fexp=v1%2C24004644%2C49741%2C445148%2C14826321%2C11737789%2C9105%2C22730%2C2821%2C124674%2C77203%2C65%2C13917%2C26504%2C9252%2C3479%2C13030%2C23206%2C69841%2C8206%2C2625%2C1904%2C18126%2C2878%2C12227%2C25059%2C4174%2C30447%2C18705%2C21437%2C4571%2C5236%2C7779%2C16088%2C6620%2C2784%2C23826%2C9500%2C1840%2C14783%2C3331%2C6145%2C300%2C6962%2C14195%2C13159%2C452%2C30488%2C5023%2C9969%2C10619%2C2364%2C2293%2C29656%2C6491%2C2690%2C7242%2C8174%2C82%2C4406%2C12971%2C1%2C12582%2C7525%2C6032%2C1168%2C372%2C490%2C2325%2C4943%2C16625%2C8868%2C3475%2C4971%2C382%2C1899%2C5515%2C2452%2C2524%2C1846%2C402%2C114%2C159%2C8116%2C1143%2C2550%2C11589%2C1353%2C109%2C10252%2C13473%2C3971%2C421%2C166%2C174%2C2852%2C187%2C228%2C30%2C566%2C5341%2C3040%2C215%2C451%2C8%2C1549%2C2%2C1343%2C2957%2C246%2C773%2C682%2C3185%2C322%2C2343%2C523%2C16375&cl=944603399&seq=1&docid=4XXFe2rsUAU&ei=DMVQatTvHu-gp-oPneW0yA8&event=streamingstats&feature=g-high-rec&plid=AAZWPvK6g11TEFn6&sdetail=p%3A%2F&sourceid=y&cbr=Chrome&cbrver=150.0.0.0&c=WEB&cver=2.20260708.00.00&cplayer=UNIPLAYER&cos=Windows&cosver=10.0&cplatform=DESKTOP&vps=0.000:N,0.007:B,0.027:B,0.027:B&cat=streaming,sabr&cmt=0.007:0.000,0.027:0.000&afs=0.026:251;CggKA2RyYxIBMQ::i:fl.-14;tl.-14;vg.0;nm.1;sms.2:CAUoAQ&vfs=0.027:243:243::a:sms.2:CAUoAQ&view=0.027:556:313&bwm=0.027:376630:0.021&bwe=0.027:1231605&bat=0.027:1:1&vis=0.027:5&bh=0.027:0.000&qclc=ChBEQkRtVTg4d3ZLTHEwS0dHEAE:0
[    6103ms] [ERROR] Failed to load resource: net::ERR_BLOCKED_BY_CLIENT @ https://www.youtube.com/api/stats/qoe?fmt=243&afmt=251&cpn=DBDmU88wvKLq0KGG&el=detailpage&ns=yt&fexp=v1%2C24004644%2C49741%2C445148%2C14826321%2C11737789%2C9105%2C22730%2C2821%2C124674%2C77203%2C65%2C13917%2C26504%2C9252%2C3479%2C13030%2C23206%2C69841%2C8206%2C2625%2C1904%2C18126%2C2878%2C12227%2C25059%2C4174%2C30447%2C18705%2C21437%2C4571%2C5236%2C7779%2C16088%2C6620%2C2784%2C23826%2C9500%2C1840%2C14783%2C3331%2C6145%2C300%2C6962%2C14195%2C13159%2C452%2C30488%2C5023%2C9969%2C10619%2C2364%2C2293%2C29656%2C6491%2C2690%2C7242%2C8174%2C82%2C4406%2C12971%2C1%2C12582%2C7525%2C6032%2C1168%2C372%2C490%2C2325%2C4943%2C16625%2C8868%2C3475%2C4971%2C382%2C1899%2C5515%2C2452%2C2524%2C1846%2C402%2C114%2C159%2C8116%2C1143%2C2550%2C11589%2C1353%2C109%2C10252%2C13473%2C3971%2C421%2C166%2C174%2C2852%2C187%2C228%2C30%2C566%2C5341%2C3040%2C215%2C451%2C8%2C1549%2C2%2C1343%2C2957%2C246%2C773%2C682%2C3185%2C322%2C2343%2C523%2C16375&cl=944603399&seq=2&docid=4XXFe2rsUAU&ei=DMVQatTvHu-gp-oPneW0yA8&event=streamingstats&feature=g-high-rec&plid=AAZWPvK6g11TEFn6&sdetail=p%3A%2F&sourceid=y&cbr=Chrome&cbrver=150.0.0.0&c=WEB&cver=2.20260708.00.00&cplayer=UNIPLAYER&cos=Windows&cosver=10.0&cplatform=DESKTOP&vps=0.030:B,0.030:B&user_intent=0.003&bwe=0.030:1231605&bat=0.030:1:1&cmt=0.030:0.000&bh=0.030:0.000&qclc=ChBEQkRtVTg4d3ZLTHEwS0dHEAI:0
[    6282ms] [ERROR] Blocked script execution in 'about:blank' because the document's frame is sandboxed and the 'allow-scripts' permission is not set. @ about:blank:0
[    7276ms] [ERROR] Blocked script execution in 'about:blank' because the document's frame is sandboxed and the 'allow-scripts' permission is not set. @ about:blank:0
[    8135ms] [ERROR] Failed to load resource: net::ERR_BLOCKED_BY_CLIENT @ https://www.youtube.com/youtubei/v1/log_event?alt=json:0
[    8276ms] [ERROR] Blocked script execution in 'about:blank' because the document's frame is sandboxed and the 'allow-scripts' permission is not set. @ about:blank:0
[    9136ms] [ERROR] Failed to load resource: net::ERR_BLOCKED_BY_CLIENT @ https://www.youtube.com/api/stats/qoe?fmt=243&afmt=251&cpn=MSz1P1caR3b4hZc3&el=detailpage&ns=yt&fexp=v1%2C24004644%2C49741%2C445148%2C14826321%2C11737789%2C9105%2C22730%2C2821%2C124674%2C77203%2C65%2C13917%2C26504%2C9252%2C3479%2C13030%2C23206%2C69841%2C8206%2C2625%2C1904%2C18126%2C2878%2C12227%2C25059%2C4174%2C30447%2C18705%2C21437%2C4571%2C5236%2C7779%2C16088%2C6620%2C2784%2C23826%2C9500%2C1840%2C14783%2C3331%2C6145%2C300%2C6962%2C14195%2C13159%2C452%2C30488%2C5023%2C9969%2C10619%2C2364%2C2293%2C29656%2C6491%2C2690%2C7242%2C8174%2C82%2C4406%2C12971%2C1%2C12582%2C7525%2C6032%2C1168%2C372%2C490%2C2325%2C4943%2C16625%2C8868%2C3475%2C4971%2C382%2C1899%2C5515%2C2452%2C2524%2C1846%2C402%2C114%2C159%2C8116%2C1143%2C2550%2C11589%2C1353%2C109%2C10252%2C13473%2C3971%2C421%2C166%2C174%2C2852%2C187%2C228%2C30%2C566%2C5341%2C3040%2C215%2C451%2C8%2C1549%2C2%2C1343%2C2957%2C246%2C773%2C682%2C3185%2C322%2C2343%2C523%2C16375&cl=944603399&seq=1&docid=4XXFe2rsUAU&ei=DMVQatTvHu-gp-oPneW0yA8&event=streamingstats&feature=g-high-rec&plid=AAZWPvK6g11TEFn6&sdetail=p%3A%2F&sourceid=y&cbr=Chrome&cbrver=150.0.0.0&c=WEB&cver=2.20260708.00.00&cplayer=UNIPLAYER&cos=Windows&cosver=10.0&cplatform=DESKTOP&vps=0.000:N,0.006:B,0.028:B,0.028:B&cat=streaming,sabr&cmt=0.006:0.000,0.028:0.000&afs=0.027:251;CggKA2RyYxIBMQ::i:fl.-14;tl.-14;vg.0;nm.1;sms.2:CAcoAQ&vfs=0.028:243:243::a:sms.2:CAcoAQ&view=0.028:556:313&bwm=0.028:712293:0.023&bwe=0.028:11738862&bat=0.028:1:1&vis=0.028:5&bh=0.028:0.000&qclc=ChBNU3oxUDFjYVIzYjRoWmMzEAE:0
[    9144ms] [ERROR] Failed to load resource: net::ERR_BLOCKED_BY_CLIENT @ https://www.youtube.com/api/stats/qoe?fmt=243&afmt=251&cpn=MSz1P1caR3b4hZc3&el=detailpage&ns=yt&fexp=v1%2C24004644%2C49741%2C445148%2C14826321%2C11737789%2C9105%2C22730%2C2821%2C124674%2C77203%2C65%2C13917%2C26504%2C9252%2C3479%2C13030%2C23206%2C69841%2C8206%2C2625%2C1904%2C18126%2C2878%2C12227%2C25059%2C4174%2C30447%2C18705%2C21437%2C4571%2C5236%2C7779%2C16088%2C6620%2C2784%2C23826%2C9500%2C1840%2C14783%2C3331%2C6145%2C300%2C6962%2C14195%2C13159%2C452%2C30488%2C5023%2C9969%2C10619%2C2364%2C2293%2C29656%2C6491%2C2690%2C7242%2C8174%2C82%2C4406%2C12971%2C1%2C12582%2C7525%2C6032%2C1168%2C372%2C490%2C2325%2C4943%2C16625%2C8868%2C3475%2C4971%2C382%2C1899%2C5515%2C2452%2C2524%2C1846%2C402%2C114%2C159%2C8116%2C1143%2C2550%2C11589%2C1353%2C109%2C10252%2C13473%2C3971%2C421%2C166%2C174%2C2852%2C187%2C228%2C30%2C566%2C5341%2C3040%2C215%2C451%2C8%2C1549%2C2%2C1343%2C2957%2C246%2C773%2C682%2C3185%2C322%2C2343%2C523%2C16375&cl=944603399&seq=2&docid=4XXFe2rsUAU&ei=DMVQatTvHu-gp-oPneW0yA8&event=streamingstats&feature=g-high-rec&plid=AAZWPvK6g11TEFn6&sdetail=p%3A%2F&sourceid=y&cbr=Chrome&cbrver=150.0.0.0&c=WEB&cver=2.20260708.00.00&cplayer=UNIPLAYER&cos=Windows&cosver=10.0&cplatform=DESKTOP&ctmp=agc:t.33;stnorm.0;env.-14;fml.-14;tmin.-31;tmax.-14;ng.0&vps=0.036:B,0.036:B&user_intent=0.002&bwe=0.036:11738862&bat=0.036:1:1&cmt=0.036:0.000&bh=0.036:0.000&qclc=ChBNU3oxUDFjYVIzYjRoWmMzEAI:0
[    9276ms] [ERROR] Blocked script execution in 'about:blank' because the document's frame is sandboxed and the 'allow-scripts' permission is not set. @ about:blank:0
[    9299ms] [ERROR] Failed to load resource: net::ERR_BLOCKED_BY_CLIENT @ https://www.youtube.com/api/stats/qoe?fmt=396&afmt=251&cpn=oN8rNTYkEEZbw2AM&el=detailpage&ns=yt&fexp=v1%2C24004644%2C49741%2C445148%2C14826321%2C11737789%2C9105%2C22730%2C2821%2C124674%2C77203%2C65%2C13917%2C26504%2C9252%2C3479%2C13030%2C23206%2C69841%2C8206%2C2625%2C1904%2C18126%2C2878%2C12227%2C25059%2C4174%2C30447%2C18705%2C21437%2C4571%2C5236%2C7779%2C16088%2C6620%2C2784%2C23826%2C9500%2C1840%2C14783%2C3331%2C6145%2C300%2C6962%2C14195%2C13159%2C452%2C30488%2C5023%2C9969%2C10619%2C2364%2C2293%2C29656%2C6491%2C2690%2C7242%2C8174%2C82%2C4406%2C12971%2C1%2C12582%2C7525%2C6032%2C1168%2C372%2C490%2C2325%2C4943%2C16625%2C8868%2C3475%2C4971%2C382%2C1899%2C5515%2C2452%2C2524%2C1846%2C402%2C114%2C159%2C8116%2C1143%2C2550%2C11589%2C1353%2C109%2C10252%2C13473%2C3971%2C421%2C166%2C174%2C2852%2C187%2C228%2C30%2C566%2C5341%2C3040%2C215%2C451%2C8%2C1549%2C2%2C1343%2C2957%2C246%2C773%2C682%2C3185%2C322%2C2343%2C523%2C16375&cl=944603399&seq=1&docid=kd-ce-B4T8Q&ei=DMVQat3kG9i9kdUPkp-5iA0&event=streamingstats&feature=g-high-rec&plid=AAZWPvK5liDOPJrk&sdetail=p%3A%2F&sourceid=y&cbr=Chrome&cbrver=150.0.0.0&c=WEB&cver=2.20260708.00.00&cplayer=UNIPLAYER&cos=Windows&cosver=10.0&cplatform=DESKTOP&vps=0.000:N,0.006:B,0.169:B,0.169:B&cat=streaming,sabr&cmt=0.006:0.000,0.169:0.000&afs=0.169:251;CggKA2RyYxIBMQ::i:fl.-17.22;tl.-14;vg.0;nm.1;sms.2:CAgoAQ&vfs=0.169:396:396::a:sms.2:CAgoAQ&view=0.169:556:313&bwm=0.169:4906:0.165&bwe=0.169:3564845&bat=0.169:1:1&vis=0.169:5&bh=0.169:0.000&qclc=ChBvTjhyTlRZa0VFWmJ3MkFNEAE:0
[    9433ms] [ERROR] Failed to load resource: net::ERR_BLOCKED_BY_CLIENT @ https://www.youtube.com/api/stats/qoe?fmt=396&afmt=251&cpn=oN8rNTYkEEZbw2AM&el=detailpage&ns=yt&fexp=v1%2C24004644%2C49741%2C445148%2C14826321%2C11737789%2C9105%2C22730%2C2821%2C124674%2C77203%2C65%2C13917%2C26504%2C9252%2C3479%2C13030%2C23206%2C69841%2C8206%2C2625%2C1904%2C18126%2C2878%2C12227%2C25059%2C4174%2C30447%2C18705%2C21437%2C4571%2C5236%2C7779%2C16088%2C6620%2C2784%2C23826%2C9500%2C1840%2C14783%2C3331%2C6145%2C300%2C6962%2C14195%2C13159%2C452%2C30488%2C5023%2C9969%2C10619%2C2364%2C2293%2C29656%2C6491%2C2690%2C7242%2C8174%2C82%2C4406%2C12971%2C1%2C12582%2C7525%2C6032%2C1168%2C372%2C490%2C2325%2C4943%2C16625%2C8868%2C3475%2C4971%2C382%2C1899%2C5515%2C2452%2C2524%2C1846%2C402%2C114%2C159%2C8116%2C1143%2C2550%2C11589%2C1353%2C109%2C10252%2C13473%2C3971%2C421%2C166%2C174%2C2852%2C187%2C228%2C30%2C566%2C5341%2C3040%2C215%2C451%2C8%2C1549%2C2%2C1343%2C2957%2C246%2C773%2C682%2C3185%2C322%2C2343%2C523%2C16375&cl=944603399&seq=2&docid=kd-ce-B4T8Q&ei=DMVQat3kG9i9kdUPkp-5iA0&event=streamingstats&feature=g-high-rec&plid=AAZWPvK5liDOPJrk&sdetail=p%3A%2F&sourceid=y&cbr=Chrome&cbrver=150.0.0.0&c=WEB&cver=2.20260708.00.00&cplayer=UNIPLAYER&cos=Windows&cosver=10.0&cplatform=DESKTOP&ctmp=agc:t.172;stnorm.0;env.-17.22;fml.-17.22;tmin.-31;tmax.-14;ng.0&user_intent=0.003&vps=0.296:B,0.296:B&bwm=0.296:826127:0.040&bwe=0.296:3564845&bat=0.296:1:1&cmt=0.296:0.005&bh=0.296:17.233&df=0.296:0&qclc=ChBvTjhyTlRZa0VFWmJ3MkFNEAI:0
[    9435ms] [ERROR] Failed to load resource: net::ERR_BLOCKED_BY_CLIENT @ https://www.youtube.com/ptracking?html5=1&video_id=kd-ce-B4T8Q&cpn=oN8rNTYkEEZbw2AM&ei=DMVQat3kG9i9kdUPkp-5iA0&ptk=youtube_multi&oid=9-J2DhyAlmgXrGIKHNLn7w.BtscXOksyqSTYfLFAiFZaw&pltype=content:0
[    9640ms] [ERROR] Failed to load resource: net::ERR_BLOCKED_BY_CLIENT @ https://www.youtube.com/youtubei/v1/log_event?alt=json:0
[   10275ms] [ERROR] Blocked script execution in 'about:blank' because the document's frame is sandboxed and the 'allow-scripts' permission is not set. @ about:blank:0
[   10650ms] [ERROR] Failed to load resource: net::ERR_BLOCKED_BY_CLIENT @ https://www.youtube.com/youtubei/v1/log_event?alt=json:0
[   11275ms] [ERROR] Blocked script execution in 'about:blank' because the document's frame is sandboxed and the 'allow-scripts' permission is not set. @ about:blank:0
[   12275ms] [ERROR] Blocked script execution in 'about:blank' because the document's frame is sandboxed and the 'allow-scripts' permission is not set. @ about:blank:0
[   13116ms] [ERROR] Failed to load resource: net::ERR_BLOCKED_BY_CLIENT @ https://www.youtube.com/api/stats/qoe?fmt=308&afmt=251&cpn=Vnzo52RwW1H3hgr7&el=detailpage&ns=yt&fexp=v1%2C24004644%2C49741%2C445148%2C14826321%2C11737789%2C9105%2C22730%2C2821%2C124674%2C77203%2C65%2C13917%2C26504%2C9252%2C3479%2C13030%2C23206%2C69841%2C8206%2C2625%2C1904%2C18126%2C2878%2C12227%2C25059%2C4174%2C30447%2C18705%2C21437%2C4571%2C5236%2C7779%2C16088%2C6620%2C2784%2C23826%2C9500%2C1840%2C14783%2C3331%2C6145%2C300%2C6962%2C14195%2C13159%2C452%2C30488%2C5023%2C9969%2C10619%2C2364%2C2293%2C29656%2C6491%2C2690%2C7242%2C8174%2C82%2C4406%2C12971%2C1%2C12582%2C7525%2C6032%2C1168%2C372%2C490%2C2325%2C4943%2C16625%2C8868%2C3475%2C4971%2C382%2C1899%2C5515%2C2452%2C2524%2C1846%2C402%2C114%2C159%2C8116%2C1143%2C2550%2C11589%2C1353%2C109%2C10252%2C13473%2C3971%2C421%2C166%2C174%2C2852%2C187%2C228%2C30%2C566%2C5341%2C3040%2C215%2C451%2C8%2C1549%2C2%2C1343%2C2957%2C246%2C773%2C682%2C3185%2C322%2C2343%2C523%2C16375&cl=944603399&seq=1&docid=c-8ZPVfy4xM&ei=FMVQaueqHaD4xN8PpIHPaA&event=streamingstats&osid=AAAAAb7DIlk%3AAOeUNAaY08mqsQm1hBZxyoDDCWwAViVQtg&plid=AAZWPvM05D1yuYxo&sdetail=p%3A%2F%40artofaty&sourceid=y&cbr=Chrome&cbrver=150.0.0.0&c=WEB&cver=2.20260708.00.00&cplayer=UNIPLAYER&cos=Windows&cosver=10.0&cplatform=DESKTOP&vps=0.000:N,0.006:B,0.140:B,0.140:B&cat=streaming,sabr&cmt=0.006:0.000,0.140:0.000&stream=0.042:A&afs=0.139:251::i:fl.-16.96;tl.-14;vg.0;nm.1;sms.2:CAkoAQ&vfs=0.140:308:308::a:sms.2:CAkoAQ&view=0.140:1840:1035&bwm=0.140:9816:0.136&bwe=0.140:2875497&bat=0.140:1:1&vis=0.140:0&bh=0.140:0.000&qclc=ChBWbnpvNTJSd1cxSDNoZ3I3EAE:0
[   13362ms] [ERROR] Failed to load resource: net::ERR_BLOCKED_BY_CLIENT @ https://www.youtube.com/ptracking?html5=1&video_id=c-8ZPVfy4xM&cpn=Vnzo52RwW1H3hgr7&ei=FMVQaueqHaD4xN8PpIHPaA&ptk=youtube_none&pltype=contentugc:0
[   13382ms] [ERROR] Blocked script execution in 'about:blank' because the document's frame is sandboxed and the 'allow-scripts' permission is not set. @ about:blank:0
[   13536ms] [ERROR] Failed to load resource: net::ERR_BLOCKED_BY_CLIENT @ https://www.youtube.com/youtubei/v1/log_event?alt=json:0
[   14284ms] [ERROR] Blocked script execution in 'about:blank' because the document's frame is sandboxed and the 'allow-scripts' permission is not set. @ about:blank:0
[   14816ms] [ERROR] Failed to load resource: net::ERR_BLOCKED_BY_CLIENT @ https://www.youtube.com/youtubei/v1/log_event?alt=json:0
[   15275ms] [ERROR] Blocked script execution in 'about:blank' because the document's frame is sandboxed and the 'allow-scripts' permission is not set. @ about:blank:0
[   16279ms] [ERROR] Blocked script execution in 'about:blank' because the document's frame is sandboxed and the 'allow-scripts' permission is not set. @ about:blank:0
[   17279ms] [ERROR] Blocked script execution in 'about:blank' because the document's frame is sandboxed and the 'allow-scripts' permission is not set. @ about:blank:0
[   18279ms] [ERROR] Blocked script execution in 'about:blank' because the document's frame is sandboxed and the 'allow-scripts' permission is not set. @ about:blank:0
[   19021ms] [WARNING] The resource https://i.ytimg.com/generate_204 was preloaded using link preload but not used within a few seconds from the window's load event. Please make sure it has an appropriate `as` value and it is preloaded intentionally. @ https://www.youtube.com/watch?v=c-8ZPVfy4xM:0
[   19281ms] [ERROR] Blocked script execution in 'about:blank' because the document's frame is sandboxed and the 'allow-scripts' permission is not set. @ about:blank:0
[   20277ms] [ERROR] Blocked script execution in 'about:blank' because the document's frame is sandboxed and the 'allow-scripts' permission is not set. @ about:blank:0
[   21286ms] [ERROR] Blocked script execution in 'about:blank' because the document's frame is sandboxed and the 'allow-scripts' permission is not set. @ about:blank:0
[   22279ms] [ERROR] Blocked script execution in 'about:blank' because the document's frame is sandboxed and the 'allow-scripts' permission is not set. @ about:blank:0
[   22977ms] [ERROR] Failed to load resource: net::ERR_BLOCKED_BY_CLIENT @ https://www.youtube.com/api/stats/qoe?fmt=308&afmt=251&cpn=Vnzo52RwW1H3hgr7&el=detailpage&ns=yt&fexp=v1%2C24004644%2C49741%2C445148%2C14826321%2C11737789%2C9105%2C22730%2C2821%2C124674%2C77203%2C65%2C13917%2C26504%2C9252%2C3479%2C13030%2C23206%2C69841%2C8206%2C2625%2C1904%2C18126%2C2878%2C12227%2C25059%2C4174%2C30447%2C18705%2C21437%2C4571%2C5236%2C7779%2C16088%2C6620%2C2784%2C23826%2C9500%2C1840%2C14783%2C3331%2C6145%2C300%2C6962%2C14195%2C13159%2C452%2C30488%2C5023%2C9969%2C10619%2C2364%2C2293%2C29656%2C6491%2C2690%2C7242%2C8174%2C82%2C4406%2C12971%2C1%2C12582%2C7525%2C6032%2C1168%2C372%2C490%2C2325%2C4943%2C16625%2C8868%2C3475%2C4971%2C382%2C1899%2C5515%2C2452%2C2524%2C1846%2C402%2C114%2C159%2C8116%2C1143%2C2550%2C11589%2C1353%2C109%2C10252%2C13473%2C3971%2C421%2C166%2C174%2C2852%2C187%2C228%2C30%2C566%2C5341%2C3040%2C215%2C451%2C8%2C1549%2C2%2C1343%2C2957%2C246%2C773%2C682%2C3185%2C322%2C2343%2C523%2C16375&cl=944603399&seq=2&docid=c-8ZPVfy4xM&ei=FMVQaueqHaD4xN8PpIHPaA&event=streamingstats&osid=AAAAAb7DIlk%3AAOeUNAaY08mqsQm1hBZxyoDDCWwAViVQtg&plid=AAZWPvM05D1yuYxo&sdetail=p%3A%2F%40artofaty&sourceid=y&cbr=Chrome&cbrver=150.0.0.0&c=WEB&cver=2.20260708.00.00&cplayer=UNIPLAYER&cos=Windows&cosver=10.0&cplatform=DESKTOP&user_intent=0.002&bh=0.251:12.399,10.005:18.747&cmt=0.251:0.020,0.749:0.518,1.005:0.519,10.005:0.519&vps=0.251:PL,0.749:PA&bwm=10.005:3387693:0.277&bwe=10.005:2875497&bat=10.005:1:1&df=10.005:4&qclc=ChBWbnpvNTJSd1cxSDNoZ3I3EAI:0
[   23275ms] [ERROR] Blocked script execution in 'about:blank' because the document's frame is sandboxed and the 'allow-scripts' permission is not set. @ about:blank:0
[   24288ms] [ERROR] Blocked script execution in 'about:blank' because the document's frame is sandboxed and the 'allow-scripts' permission is not set. @ about:blank:0
[   25280ms] [ERROR] Blocked script execution in 'about:blank' because the document's frame is sandboxed and the 'allow-scripts' permission is not set. @ about:blank:0
[   26290ms] [ERROR] Blocked script execution in 'about:blank' because the document's frame is sandboxed and the 'allow-scripts' permission is not set. @ about:blank:0
[   27050ms] [WARNING] The resource https://i.ytimg.com/generate_204 was preloaded using link preload but not used within a few seconds from the window's load event. Please make sure it has an appropriate `as` value and it is preloaded intentionally. @ https://www.youtube.com/watch?v=c-8ZPVfy4xM:0
[   27289ms] [ERROR] Blocked script execution in 'about:blank' because the document's frame is sandboxed and the 'allow-scripts' permission is not set. @ about:blank:0
[   28288ms] [ERROR] Blocked script execution in 'about:blank' because the document's frame is sandboxed and the 'allow-scripts' permission is not set. @ about:blank:0
[   29282ms] [ERROR] Blocked script execution in 'about:blank' because the document's frame is sandboxed and the 'allow-scripts' permission is not set. @ about:blank:0
[   30290ms] [ERROR] Blocked script execution in 'about:blank' because the document's frame is sandboxed and the 'allow-scripts' permission is not set. @ about:blank:0
[   31276ms] [ERROR] Blocked script execution in 'about:blank' because the document's frame is sandboxed and the 'allow-scripts' permission is not set. @ about:blank:0
[   32283ms] [ERROR] Blocked script execution in 'about:blank' because the document's frame is sandboxed and the 'allow-scripts' permission is not set. @ about:blank:0
[   33275ms] [ERROR] Blocked script execution in 'about:blank' because the document's frame is sandboxed and the 'allow-scripts' permission is not set. @ about:blank:0
[   34275ms] [ERROR] Blocked script execution in 'about:blank' because the document's frame is sandboxed and the 'allow-scripts' permission is not set. @ about:blank:0
[   34817ms] [ERROR] Failed to load resource: net::ERR_BLOCKED_BY_CLIENT @ https://www.youtube.com/api/stats/qoe?fmt=308&afmt=251&cpn=Vnzo52RwW1H3hgr7&el=detailpage&ns=yt&fexp=v1%2C24004644%2C49741%2C445148%2C14826321%2C11737789%2C9105%2C22730%2C2821%2C124674%2C77203%2C65%2C13917%2C26504%2C9252%2C3479%2C13030%2C23206%2C69841%2C8206%2C2625%2C1904%2C18126%2C2878%2C12227%2C25059%2C4174%2C30447%2C18705%2C21437%2C4571%2C5236%2C7779%2C16088%2C6620%2C2784%2C23826%2C9500%2C1840%2C14783%2C3331%2C6145%2C300%2C6962%2C14195%2C13159%2C452%2C30488%2C5023%2C9969%2C10619%2C2364%2C2293%2C29656%2C6491%2C2690%2C7242%2C8174%2C82%2C4406%2C12971%2C1%2C12582%2C7525%2C6032%2C1168%2C372%2C490%2C2325%2C4943%2C16625%2C8868%2C3475%2C4971%2C382%2C1899%2C5515%2C2452%2C2524%2C1846%2C402%2C114%2C159%2C8116%2C1143%2C2550%2C11589%2C1353%2C109%2C10252%2C13473%2C3971%2C421%2C166%2C174%2C2852%2C187%2C228%2C30%2C566%2C5341%2C3040%2C215%2C451%2C8%2C1549%2C2%2C1343%2C2957%2C246%2C773%2C682%2C3185%2C322%2C2343%2C523%2C16375&cl=944603399&seq=3&docid=c-8ZPVfy4xM&ei=FMVQaueqHaD4xN8PpIHPaA&event=streamingstats&osid=AAAAAb7DIlk%3AAOeUNAaY08mqsQm1hBZxyoDDCWwAViVQtg&plid=AAZWPvM05D1yuYxo&sdetail=p%3A%2F%40artofaty&sourceid=y&cbr=Chrome&cbrver=150.0.0.0&c=WEB&cver=2.20260708.00.00&cplayer=UNIPLAYER&cos=Windows&cosver=10.0&cplatform=DESKTOP&vps=21.836:PA&bwe=21.836:2875497&bat=21.836:1:1&cmt=21.836:0.519&bh=21.836:18.747&qclc=ChBWbnpvNTJSd1cxSDNoZ3I3EAM:0
[   34818ms] [ERROR] Failed to load resource: net::ERR_BLOCKED_BY_CLIENT @ https://www.youtube.com/youtubei/v1/log_event?alt=json:0
[   35014ms] [WARNING] Error with Permissions-Policy header: Unrecognized feature: 'attribution-reporting'. @ :0
[   35014ms] [WARNING] Error with Permissions-Policy header: Unrecognized feature: 'private-aggregation'. @ :0
[   35014ms] [WARNING] Error with Permissions-Policy header: Unrecognized feature: 'private-state-token-issuance'. @ :0
[   35014ms] [WARNING] Error with Permissions-Policy header: Unrecognized feature: 'private-state-token-redemption'. @ :0
[   35014ms] [WARNING] Error with Permissions-Policy header: Origin trial controlled feature not enabled: 'join-ad-interest-group'. @ :0
[   35014ms] [WARNING] Error with Permissions-Policy header: Unrecognized feature: 'run-ad-auction'. @ :0
[   35014ms] [WARNING] Error with Permissions-Policy header: Unrecognized feature: 'browsing-topics'. @ :0
[   35258ms] [WARNING] Manifest: property 'migrate_from' ignored, manifest must specify an 'id' property in order to receive a migration. @ https://www.youtube.com/manifest.webmanifest:0
[   36173ms] [INFO] LegacyDataMixin will be applied to all legacy elements.
Set `_legacyUndefinedCheck: true` on element class to enable. @ https://www.youtube.com/s/_/ytmainappweb/_/js/k=ytmainappweb.kevlar_base.en_US.YYm_eSCZ8lI.es5.O/am=AAAAABAAcAQAAw/d=1/br=1/rs=AGKMywFOSuyINlPByn0JpN9t276dXhJH0w/m=kevlar_base_module,kevlar_main_module,kevlar_base_sync_mod_chunk:10014
[   36310ms] [ERROR] Blocked script execution in 'about:blank' because the document's frame is sandboxed and the 'allow-scripts' permission is not set. @ :1127
[   36310ms] [ERROR] Blocked script execution in 'about:blank' because the document's frame is sandboxed and the 'allow-scripts' permission is not set. @ :1127
[   36311ms] [ERROR] Blocked script execution in 'about:blank' because the document's frame is sandboxed and the 'allow-scripts' permission is not set. @ :1127
[   36311ms] [ERROR] Blocked script execution in 'about:blank' because the document's frame is sandboxed and the 'allow-scripts' permission is not set. @ :1127
[   36312ms] [ERROR] Blocked script execution in 'about:blank' because the document's frame is sandboxed and the 'allow-scripts' permission is not set. @ :1127
[   36312ms] [ERROR] Blocked script execution in 'about:blank' because the document's frame is sandboxed and the 'allow-scripts' permission is not set. @ :1127
[   36312ms] [ERROR] Blocked script execution in 'about:blank' because the document's frame is sandboxed and the 'allow-scripts' permission is not set. @ :1127
[   36313ms] [ERROR] Blocked script execution in 'about:blank' because the document's frame is sandboxed and the 'allow-scripts' permission is not set. @ :1127
[   36316ms] [ERROR] Blocked script execution in 'about:blank' because the document's frame is sandboxed and the 'allow-scripts' permission is not set. @ about:blank:0
[   36316ms] [ERROR] Blocked script execution in 'about:blank' because the document's frame is sandboxed and the 'allow-scripts' permission is not set. @ about:blank:0
[   36335ms] [ERROR] Failed to load resource: net::ERR_BLOCKED_BY_CLIENT @ https://www.youtube.com/api/stats/qoe?fmt=308&afmt=251&cpn=eHEsGvwyJQ_2l7JZ&el=detailpage&ns=yt&fexp=v1%2C24004644%2C49741%2C445148%2C14826321%2C11737789%2C9105%2C22730%2C2821%2C124674%2C77203%2C65%2C13917%2C26504%2C9252%2C3479%2C13030%2C23206%2C69841%2C8206%2C2625%2C1904%2C18126%2C2878%2C12227%2C25059%2C4174%2C12720%2C17727%2C18705%2C21437%2C4571%2C5236%2C7779%2C16088%2C6620%2C2784%2C23826%2C9500%2C1840%2C14783%2C3331%2C6145%2C300%2C6962%2C14195%2C13159%2C452%2C30488%2C5023%2C9969%2C10619%2C2364%2C2293%2C29656%2C6491%2C2690%2C7242%2C8174%2C82%2C4406%2C12971%2C1%2C12582%2C7525%2C6032%2C1168%2C372%2C490%2C2325%2C4943%2C16625%2C8868%2C3475%2C4971%2C382%2C1899%2C5515%2C2452%2C2524%2C1846%2C402%2C114%2C159%2C8116%2C1143%2C2550%2C11589%2C1353%2C109%2C10252%2C13473%2C3971%2C421%2C166%2C174%2C2852%2C187%2C228%2C30%2C566%2C5341%2C3040%2C215%2C451%2C8%2C1549%2C2%2C1343%2C3203%2C773%2C682%2C3185%2C322%2C2343%2C523%2C16375&cl=944603399&seq=1&docid=c-8ZPVfy4xM&ei=K8VQapfuD4zMzPsPotrwmQQ&event=streamingstats&osid=AAAAAb7DIlk%3AAOeUNAaY08mqsQm1hBZxyoDDCWwAViVQtg&plid=AAZWPvSQlNObyir8&cbr=Chrome&cbrver=150.0.0.0&c=WEB&cver=2.20260708.00.00&cplayer=UNIPLAYER&cos=Windows&cosver=10.0&cplatform=DESKTOP&vps=0.000:N,0.009:B,0.117:B,0.117:B&cat=streaming,sabr&cmt=0.009:0.000,0.117:0.000&stream=0.108:A&afs=0.116:251::i:fl.-16.959999;tl.-14;vg.0;nm.1;sms.2:CAEoAQ&vfs=0.117:308:308::a:sms.2:CAEoAQ&view=0.117:1840:1035&bwm=0.117:76527:0.109&bwe=0.117:3111771&bat=0.117:1:1&vis=0.117:0&bh=0.117:0.000&qclc=ChBlSEVzR3Z3eUpRXzJsN0paEAE:0
[   36430ms] [INFO] Banner not shown: beforeinstallpromptevent.preventDefault() called. The page must call beforeinstallpromptevent.prompt() to show the banner. @ https://www.youtube.com/watch?v=c-8ZPVfy4xM:0
[   36440ms] [ERROR] Failed to load resource: net::ERR_BLOCKED_BY_CLIENT @ https://www.youtube.com/generate_204?jvN89Q:0
[   36469ms] [ERROR] Failed to load resource: net::ERR_BLOCKED_BY_CLIENT @ https://www.youtube.com/ptracking?html5=1&video_id=c-8ZPVfy4xM&cpn=eHEsGvwyJQ_2l7JZ&ei=K8VQapfuD4zMzPsPotrwmQQ&ptk=youtube_none&pltype=contentugc:0
[   36498ms] [ERROR] Failed to load resource: net::ERR_BLOCKED_BY_CLIENT @ https://www.youtube.com/youtubei/v1/log_event?alt=json:0
[   36782ms] [ERROR] Failed to load resource: net::ERR_BLOCKED_BY_CLIENT @ https://www.google.com/pagead/lvz?evtid=ACd6Ktzugyq2Xec9ZOmTMrBQyi5XccBfAc5mWVH_6A0zL6uOQzmnnCIt4Qw_l68AotVelJqHCkXqP0BxJ3U96Wga-kqSMSDmuw&req_ts=1783678251&pg=MainAppBootstrap%3AWatch&az=1&sigh=AB9vU4122zy_Bl6BweFBwT52h6uRDYYBDQ:0
[   36782ms] [ERROR] Failed to load resource: net::ERR_BLOCKED_BY_CLIENT @ https://www.google.com.tr/pagead/lvz?evtid=ACd6Ktzugyq2Xec9ZOmTMrBQyi5XccBfAc5mWVH_6A0zL6uOQzmnnCIt4Qw_l68AotVelJqHCkXqP0BxJ3U96Wga-kqSMSDmuw&req_ts=1783678251&pg=MainAppBootstrap%3AWatch&az=1&sigh=AB9vU4122zy_Bl6BweFBwT52h6uRDYYBDQ:0
[   36962ms] [ERROR] Failed to load resource: net::ERR_BLOCKED_BY_CLIENT @ https://www.youtube.com/youtubei/v1/log_event?alt=json:0
[   37018ms] [ERROR] Failed to load resource: net::ERR_BLOCKED_BY_CLIENT @ https://www.youtube.com/youtubei/v1/log_event?alt=json:0
[   37095ms] [ERROR] Failed to load resource: net::ERR_BLOCKED_BY_CLIENT @ https://www.youtube.com/youtubei/v1/log_event?alt=json:0
[   37200ms] [WARNING] Error with Permissions-Policy header: Unrecognized feature: 'attribution-reporting'. @ :0
[   37200ms] [WARNING] Error with Permissions-Policy header: Unrecognized feature: 'private-aggregation'. @ :0
[   37200ms] [WARNING] Error with Permissions-Policy header: Unrecognized feature: 'private-state-token-issuance'. @ :0
[   37200ms] [WARNING] Error with Permissions-Policy header: Unrecognized feature: 'private-state-token-redemption'. @ :0
[   37200ms] [WARNING] Error with Permissions-Policy header: Origin trial controlled feature not enabled: 'join-ad-interest-group'. @ :0
[   37200ms] [WARNING] Error with Permissions-Policy header: Unrecognized feature: 'run-ad-auction'. @ :0
[   37200ms] [WARNING] Error with Permissions-Policy header: Unrecognized feature: 'browsing-topics'. @ :0
[   37260ms] [ERROR] Failed to load resource: net::ERR_BLOCKED_BY_CLIENT @ https://www.youtube.com/youtubei/v1/log_event?alt=json:0
[   37325ms] [ERROR] Blocked script execution in 'about:blank' because the document's frame is sandboxed and the 'allow-scripts' permission is not set. @ about:blank:0
[   37325ms] [ERROR] Blocked script execution in 'about:blank' because the document's frame is sandboxed and the 'allow-scripts' permission is not set. @ about:blank:0
[   37353ms] [ERROR] Blocked script execution in 'about:blank' because the document's frame is sandboxed and the 'allow-scripts' permission is not set. @ about:blank:0
[   37399ms] [ERROR] Failed to load resource: net::ERR_BLOCKED_BY_CLIENT @ https://www.youtube.com/youtubei/v1/log_event?alt=json:0
[   37821ms] [ERROR] Blocked script execution in 'about:blank' because the document's frame is sandboxed and the 'allow-scripts' permission is not set. @ about:blank:0
[   38353ms] [ERROR] Blocked script execution in 'about:blank' because the document's frame is sandboxed and the 'allow-scripts' permission is not set. @ about:blank:0
[   38821ms] [ERROR] Blocked script execution in 'about:blank' because the document's frame is sandboxed and the 'allow-scripts' permission is not set. @ about:blank:0
[   39355ms] [ERROR] Blocked script execution in 'about:blank' because the document's frame is sandboxed and the 'allow-scripts' permission is not set. @ about:blank:0
[   40354ms] [ERROR] Blocked script execution in 'about:blank' because the document's frame is sandboxed and the 'allow-scripts' permission is not set. @ about:blank:0
[   41353ms] [ERROR] Blocked script execution in 'about:blank' because the document's frame is sandboxed and the 'allow-scripts' permission is not set. @ about:blank:0
[   42353ms] [ERROR] Blocked script execution in 'about:blank' because the document's frame is sandboxed and the 'allow-scripts' permission is not set. @ about:blank:0
[   43353ms] [ERROR] Blocked script execution in 'about:blank' because the document's frame is sandboxed and the 'allow-scripts' permission is not set. @ about:blank:0
[   43978ms] [WARNING] The resource https://rr3---sn-u0g3jxaa-xncs.googlevideo.com/generate_204 was preloaded using link preload but not used within a few seconds from the window's load event. Please make sure it has an appropriate `as` value and it is preloaded intentionally. @ https://www.youtube.com/watch?v=c-8ZPVfy4xM:0
[   43978ms] [WARNING] The resource https://rr1---sn-nv47zne7.c.youtube.com/generate_204 was preloaded using link preload but not used within a few seconds from the window's load event. Please make sure it has an appropriate `as` value and it is preloaded intentionally. @ https://www.youtube.com/watch?v=c-8ZPVfy4xM:0
[   43978ms] [WARNING] The resource https://i.ytimg.com/generate_204 was preloaded using link preload but not used within a few seconds from the window's load event. Please make sure it has an appropriate `as` value and it is preloaded intentionally. @ https://www.youtube.com/watch?v=c-8ZPVfy4xM:0
[   44354ms] [ERROR] Blocked script execution in 'about:blank' because the document's frame is sandboxed and the 'allow-scripts' permission is not set. @ about:blank:0
[   45353ms] [ERROR] Blocked script execution in 'about:blank' because the document's frame is sandboxed and the 'allow-scripts' permission is not set. @ about:blank:0
[   46141ms] [ERROR] Failed to load resource: net::ERR_BLOCKED_BY_CLIENT @ https://www.youtube.com/api/stats/qoe?fmt=308&afmt=251&cpn=eHEsGvwyJQ_2l7JZ&el=detailpage&ns=yt&fexp=v1%2C24004644%2C49741%2C445148%2C14826321%2C11737789%2C9105%2C22730%2C2821%2C124674%2C77203%2C65%2C13917%2C26504%2C9252%2C3479%2C13030%2C23206%2C69841%2C8206%2C2625%2C1904%2C18126%2C2878%2C12227%2C25059%2C4174%2C12720%2C17727%2C18705%2C21437%2C4571%2C5236%2C7779%2C16088%2C6620%2C2784%2C23826%2C9500%2C1840%2C14783%2C3331%2C6145%2C300%2C6962%2C14195%2C13159%2C452%2C30488%2C5023%2C9969%2C10619%2C2364%2C2293%2C29656%2C6491%2C2690%2C7242%2C8174%2C82%2C4406%2C12971%2C1%2C12582%2C7525%2C6032%2C1168%2C372%2C490%2C2325%2C4943%2C16625%2C8868%2C3475%2C4971%2C382%2C1899%2C5515%2C2452%2C2524%2C1846%2C402%2C114%2C159%2C8116%2C1143%2C2550%2C11589%2C1353%2C109%2C10252%2C13473%2C3971%2C421%2C166%2C174%2C2852%2C187%2C228%2C30%2C566%2C5341%2C3040%2C215%2C451%2C8%2C1549%2C2%2C1343%2C3203%2C773%2C682%2C3185%2C322%2C2343%2C523%2C16375&cl=944603399&seq=2&docid=c-8ZPVfy4xM&ei=K8VQapfuD4zMzPsPotrwmQQ&event=streamingstats&osid=AAAAAb7DIlk%3AAOeUNAaY08mqsQm1hBZxyoDDCWwAViVQtg&plid=AAZWPvSQlNObyir8&cbr=Chrome&cbrver=150.0.0.0&c=WEB&cver=2.20260708.00.00&cplayer=UNIPLAYER&cos=Windows&cosver=10.0&cplatform=DESKTOP&bh=0.244:0.000,10.012:18.012&cmt=0.244:0.001,1.001:0.706,1.547:1.253,10.012:1.254&vps=0.244:PL,1.547:PA&user_intent=0.002&bwm=10.012:3320982:0.118&bwe=10.012:3111771&bat=10.012:1:1&df=10.012:0&qclc=ChBlSEVzR3Z3eUpRXzJsN0paEAI:0
[   46353ms] [ERROR] Blocked script execution in 'about:blank' because the document's frame is sandboxed and the 'allow-scripts' permission is not set. @ about:blank:0
[   47354ms] [ERROR] Blocked script execution in 'about:blank' because the document's frame is sandboxed and the 'allow-scripts' permission is not set. @ about:blank:0
[   48353ms] [ERROR] Blocked script execution in 'about:blank' because the document's frame is sandboxed and the 'allow-scripts' permission is not set. @ about:blank:0
[   49353ms] [ERROR] Blocked script execution in 'about:blank' because the document's frame is sandboxed and the 'allow-scripts' permission is not set. @ about:blank:0
[   50353ms] [ERROR] Blocked script execution in 'about:blank' because the document's frame is sandboxed and the 'allow-scripts' permission is not set. @ about:blank:0
[   51353ms] [ERROR] Blocked script execution in 'about:blank' because the document's frame is sandboxed and the 'allow-scripts' permission is not set. @ about:blank:0
[   52353ms] [ERROR] Blocked script execution in 'about:blank' because the document's frame is sandboxed and the 'allow-scripts' permission is not set. @ about:blank:0
[   52754ms] [WARNING] The resource https://rr3---sn-u0g3jxaa-xncs.googlevideo.com/generate_204 was preloaded using link preload but not used within a few seconds from the window's load event. Please make sure it has an appropriate `as` value and it is preloaded intentionally. @ https://www.youtube.com/watch?v=c-8ZPVfy4xM:0
[   52754ms] [WARNING] The resource https://rr1---sn-nv47zne7.c.youtube.com/generate_204 was preloaded using link preload but not used within a few seconds from the window's load event. Please make sure it has an appropriate `as` value and it is preloaded intentionally. @ https://www.youtube.com/watch?v=c-8ZPVfy4xM:0
[   52754ms] [WARNING] The resource https://i.ytimg.com/generate_204 was preloaded using link preload but not used within a few seconds from the window's load event. Please make sure it has an appropriate `as` value and it is preloaded intentionally. @ https://www.youtube.com/watch?v=c-8ZPVfy4xM:0
[   53354ms] [ERROR] Blocked script execution in 'about:blank' because the document's frame is sandboxed and the 'allow-scripts' permission is not set. @ about:blank:0
[   54353ms] [ERROR] Blocked script execution in 'about:blank' because the document's frame is sandboxed and the 'allow-scripts' permission is not set. @ about:blank:0
[   55343ms] [ERROR] Failed to load resource: net::ERR_BLOCKED_BY_CLIENT @ https://www.youtube.com/api/stats/qoe?fmt=308&afmt=251&cpn=eHEsGvwyJQ_2l7JZ&el=detailpage&ns=yt&fexp=v1%2C24004644%2C49741%2C445148%2C14826321%2C11737789%2C9105%2C22730%2C2821%2C124674%2C77203%2C65%2C13917%2C26504%2C9252%2C3479%2C13030%2C23206%2C69841%2C8206%2C2625%2C1904%2C18126%2C2878%2C12227%2C25059%2C4174%2C12720%2C17727%2C18705%2C21437%2C4571%2C5236%2C7779%2C16088%2C6620%2C2784%2C23826%2C9500%2C1840%2C14783%2C3331%2C6145%2C300%2C6962%2C14195%2C13159%2C452%2C30488%2C5023%2C9969%2C10619%2C2364%2C2293%2C29656%2C6491%2C2690%2C7242%2C8174%2C82%2C4406%2C12971%2C1%2C12582%2C7525%2C6032%2C1168%2C372%2C490%2C2325%2C4943%2C16625%2C8868%2C3475%2C4971%2C382%2C1899%2C5515%2C2452%2C2524%2C1846%2C402%2C114%2C159%2C8116%2C1143%2C2550%2C11589%2C1353%2C109%2C10252%2C13473%2C3971%2C421%2C166%2C174%2C2852%2C187%2C228%2C30%2C566%2C5341%2C3040%2C215%2C451%2C8%2C1549%2C2%2C1343%2C3203%2C773%2C682%2C3185%2C322%2C2343%2C523%2C16375&cl=944603399&seq=3&docid=c-8ZPVfy4xM&ei=K8VQapfuD4zMzPsPotrwmQQ&event=streamingstats&osid=AAAAAb7DIlk%3AAOeUNAaY08mqsQm1hBZxyoDDCWwAViVQtg&plid=AAZWPvSQlNObyir8&cbr=Chrome&cbrver=150.0.0.0&c=WEB&cver=2.20260708.00.00&cplayer=UNIPLAYER&cos=Windows&cosver=10.0&cplatform=DESKTOP&vps=19.207:PA&bwe=19.207:3111771&bat=19.207:1:1&cmt=19.207:1.254&bh=19.207:18.012&qclc=ChBlSEVzR3Z3eUpRXzJsN0paEAM:0
[   55343ms] [ERROR] Failed to load resource: net::ERR_BLOCKED_BY_CLIENT @ https://www.youtube.com/youtubei/v1/log_event?alt=json:0
