[     305ms] [WARNING] Deprecated API for given entry type. @ https://mail.google.com/_/scs/mail-static/_/js/k=gmail.main.tr.rLBgHtdFKCg.es5.OL/am=wAIAAAAgFH8UAOf_PT3YAAIH_svhz9cH_lqi-_8PQ-BP-CFg1TSAHkCXtcIK_v__d_NrAfB3Hz7DfP5IAECAraPb9uGhhqs0vllfAADAqZ-cZgAAAAAAAAAAAAAAAAAAAAA-IxuZFBg/d=1/exm=b/ed=1/im=1/dg=0/br=1/wt=1/rs=AHGWq9CxAz31vb6xTk_fCJDMfUjYoIMTBQ/cb=loaded_1/m=a?cb=2a1ee86e:2975
[     425ms] [WARNING] Unrecognized feature: 'attribution-reporting'. @ https://mail.google.com/_/scs/mail-static/_/js/k=gmail.main.tr.rLBgHtdFKCg.es5.OL/am=wAIAAAAgFH8UAOf_PT3YAAIH_svhz9cH_lqi-_8PQ-BP-CFg1TSAHkCXtcIK_v__d_NrAfB3Hz7DfP5IAECAraPb9uGhhqs0vllfAADAqZ-cZgAAAAAAAAAAAAAAAAAAAAA-IxuZFBg/d=1/exm=a,b,m,m_i/ed=1/im=1/dg=0/br=1/wt=1/rs=AHGWq9CxAz31vb6xTk_fCJDMfUjYoIMTBQ/cb=loaded_3/m=ebdd,sps,l,spit,t,anc?cb=2a1ee86e:4756
[     655ms] [WARNING] Manifest: property 'migrate_from' ignored, manifest must specify an 'id' property in order to receive a migration. @ https://mail.google.com/mail/u/0/manifest.json:0
[     761ms] [WARNING] Error with Permissions-Policy header: Unrecognized feature: 'attribution-reporting'. @ :0
[     761ms] [WARNING] Error with Permissions-Policy header: Unrecognized feature: 'private-aggregation'. @ :0
[     761ms] [WARNING] Error with Permissions-Policy header: Unrecognized feature: 'private-state-token-issuance'. @ :0
[     761ms] [WARNING] Error with Permissions-Policy header: Unrecognized feature: 'private-state-token-redemption'. @ :0
[     761ms] [WARNING] Error with Permissions-Policy header: Origin trial controlled feature not enabled: 'join-ad-interest-group'. @ :0
[     761ms] [WARNING] Error with Permissions-Policy header: Unrecognized feature: 'run-ad-auction'. @ :0
[     761ms] [WARNING] Error with Permissions-Policy header: Unrecognized feature: 'browsing-topics'. @ :0
[     761ms] [WARNING] An iframe which has both allow-scripts and allow-same-origin for its sandbox attribute can escape its sandboxing. @ https://mail.google.com/mail/u/0/data?token=%5B%22cftp%22,%2246ca0f895f%22,%22gmail.pinto-server_20260706.07_p0%22,%224xZtFcmMfDU-lL0gGe71dQ%5Cu003d%5Cu003d%22,null,3,%22Qs0SX,kbcl1e%22%5D&dilte=0&gme=1&sme=1&pt=ji&di=0&dbv=112:0
[    1760ms] [ERROR] Failed to load resource: net::ERR_BLOCKED_BY_CLIENT @ https://mail.google.com/generate_204?7nCzOg:0
[    1837ms] [ERROR] Failed to load resource: net::ERR_BLOCKED_BY_CLIENT @ https://play.google.com/log?hasfast=true&auth=SAPISIDHASH+ab075e676ffa76d436051cd0f8f207096343914a+SAPISID1PHASH+ab075e676ffa76d436051cd0f8f207096343914a+SAPISID3PHASH+ab075e676ffa76d436051cd0f8f207096343914a&authuser=0&format=json:0
[    1838ms] [ERROR] Failed to load resource: net::ERR_BLOCKED_BY_CLIENT @ https://play.google.com/log?format=json&hasfast=true&authuser=0:0
[    1838ms] [ERROR] Failed to load resource: net::ERR_BLOCKED_BY_CLIENT @ https://play.google.com/log?hasfast=true&auth=SAPISIDHASH+ab075e676ffa76d436051cd0f8f207096343914a+SAPISID1PHASH+ab075e676ffa76d436051cd0f8f207096343914a+SAPISID3PHASH+ab075e676ffa76d436051cd0f8f207096343914a&authuser=0&format=json:0
[    2053ms] [ERROR] Failed to load resource: net::ERR_BLOCKED_BY_CLIENT @ https://play.google.com/log?format=json&hasfast=true&authuser=0:0
[    2689ms] [ERROR] Failed to load resource: net::ERR_BLOCKED_BY_CLIENT @ https://ci3.googleusercontent.com/meips/ADKq_NZ1oMTqAcTUfji_cLZRTLi3KwDK6qAIKbBc7UjwWFXr_krq_RYTXpTAJrsBCib60bq0Qtqqggg6F9Y6wsU4WOSxEZb9s6orSAOiaLJtd5n8uaO6_ADfzVbr-J7ICqegDpMWDCfuE6yJfrqBPf8Gy8BD51fZsPDA-jwM3ru7E2QySSNF_RnEF9PFUJG7KLS_oZ-zmo6EmYLa_sN92AIGzqXFXA=s0-d-e1-ft#https://p6m6pww1.r.eu-central-1.awstrack.me/I0/0107019f4b75958e-58076085-6d7d-41a4-97fe-c3e0d2cad605-000000/tfZNMkrv65Q804y5eMmKFrTM33c=258:0
[    3496ms] [ERROR] Failed to load resource: net::ERR_BLOCKED_BY_CLIENT @ https://play.google.com/log?format=json&hasfast=true&authuser=0:0
[    3997ms] [WARNING] Error with Permissions-Policy header: Unrecognized feature: 'attribution-reporting'. @ :0
[    3997ms] [WARNING] Error with Permissions-Policy header: Unrecognized feature: 'private-aggregation'. @ :0
[    3997ms] [WARNING] Error with Permissions-Policy header: Unrecognized feature: 'private-state-token-issuance'. @ :0
[    3997ms] [WARNING] Error with Permissions-Policy header: Unrecognized feature: 'private-state-token-redemption'. @ :0
[    3997ms] [WARNING] Error with Permissions-Policy header: Origin trial controlled feature not enabled: 'join-ad-interest-group'. @ :0
[    3997ms] [WARNING] Error with Permissions-Policy header: Unrecognized feature: 'run-ad-auction'. @ :0
[    3997ms] [WARNING] Error with Permissions-Policy header: Unrecognized feature: 'browsing-topics'. @ :0
[    4237ms] [ERROR] Failed to load resource: net::ERR_BLOCKED_BY_CLIENT @ https://play.google.com/log?format=json&hasfast=true&authuser=0:0
[    4248ms] [ERROR] Failed to load resource: net::ERR_BLOCKED_BY_CLIENT @ https://play.google.com/log?format=json&hasfast=true&authuser=0:0
[    4702ms] [WARNING] Error with Permissions-Policy header: Unrecognized feature: 'attribution-reporting'. @ :0
[    4702ms] [WARNING] Error with Permissions-Policy header: Unrecognized feature: 'private-aggregation'. @ :0
[    4702ms] [WARNING] Error with Permissions-Policy header: Unrecognized feature: 'private-state-token-issuance'. @ :0
[    4702ms] [WARNING] Error with Permissions-Policy header: Unrecognized feature: 'private-state-token-redemption'. @ :0
[    4702ms] [WARNING] Error with Permissions-Policy header: Origin trial controlled feature not enabled: 'join-ad-interest-group'. @ :0
[    4702ms] [WARNING] Error with Permissions-Policy header: Unrecognized feature: 'run-ad-auction'. @ :0
[    4702ms] [WARNING] Error with Permissions-Policy header: Unrecognized feature: 'browsing-topics'. @ :0
[    6110ms] [ERROR] Failed to load resource: net::ERR_BLOCKED_BY_CLIENT @ https://play.google.com/log?hasfast=true&auth=SAPISIDHASH+ab075e676ffa76d436051cd0f8f207096343914a+SAPISID1PHASH+ab075e676ffa76d436051cd0f8f207096343914a+SAPISID3PHASH+ab075e676ffa76d436051cd0f8f207096343914a&authuser=0&format=json:0
[    6113ms] [ERROR] Failed to load resource: net::ERR_BLOCKED_BY_CLIENT @ https://play.google.com/log?hasfast=true&auth=SAPISIDHASH+ab075e676ffa76d436051cd0f8f207096343914a+SAPISID1PHASH+ab075e676ffa76d436051cd0f8f207096343914a+SAPISID3PHASH+ab075e676ffa76d436051cd0f8f207096343914a&authuser=0&format=json:0
[    6113ms] [ERROR] Failed to load resource: net::ERR_BLOCKED_BY_CLIENT @ https://play.google.com/log?format=json&hasfast=true&authuser=0:0
[    6120ms] [ERROR] Failed to load resource: net::ERR_BLOCKED_BY_CLIENT @ https://play.google.com/log?format=json&hasfast=true&authuser=0:0
[    6120ms] [ERROR] Failed to load resource: net::ERR_BLOCKED_BY_CLIENT @ https://play.google.com/log?format=json&hasfast=true&authuser=0:0
[    6120ms] [ERROR] Failed to load resource: net::ERR_BLOCKED_BY_CLIENT @ https://play.google.com/log?format=json&hasfast=true&authuser=0:0
[    6516ms] [ERROR] Failed to load resource: net::ERR_BLOCKED_BY_CLIENT @ https://play.google.com/log?format=json&hasfast=true&authuser=0:0
[    6548ms] [WARNING] Error with Permissions-Policy header: Unrecognized feature: 'attribution-reporting'. @ :0
[    6548ms] [WARNING] Error with Permissions-Policy header: Unrecognized feature: 'private-aggregation'. @ :0
[    6548ms] [WARNING] Error with Permissions-Policy header: Unrecognized feature: 'private-state-token-issuance'. @ :0
[    6548ms] [WARNING] Error with Permissions-Policy header: Unrecognized feature: 'private-state-token-redemption'. @ :0
[    6548ms] [WARNING] Error with Permissions-Policy header: Origin trial controlled feature not enabled: 'join-ad-interest-group'. @ :0
[    6548ms] [WARNING] Error with Permissions-Policy header: Unrecognized feature: 'run-ad-auction'. @ :0
[    6548ms] [WARNING] Error with Permissions-Policy header: Unrecognized feature: 'browsing-topics'. @ :0
[    6700ms] [WARNING] Error with Permissions-Policy header: Unrecognized feature: 'attribution-reporting'. @ :0
[    6700ms] [WARNING] Error with Permissions-Policy header: Unrecognized feature: 'private-aggregation'. @ :0
[    6700ms] [WARNING] Error with Permissions-Policy header: Unrecognized feature: 'private-state-token-issuance'. @ :0
[    6700ms] [WARNING] Error with Permissions-Policy header: Unrecognized feature: 'private-state-token-redemption'. @ :0
[    6700ms] [WARNING] Error with Permissions-Policy header: Origin trial controlled feature not enabled: 'join-ad-interest-group'. @ :0
[    6700ms] [WARNING] Error with Permissions-Policy header: Unrecognized feature: 'run-ad-auction'. @ :0
[    6700ms] [WARNING] Error with Permissions-Policy header: Unrecognized feature: 'browsing-topics'. @ :0
[    7307ms] [ERROR] Failed to load resource: net::ERR_BLOCKED_BY_CLIENT @ https://play.google.com/log?format=json&hasfast=true&authuser=0:0
[    7453ms] [WARNING] Error with Permissions-Policy header: Unrecognized feature: 'attribution-reporting'. @ :0
[    7453ms] [WARNING] Error with Permissions-Policy header: Unrecognized feature: 'private-aggregation'. @ :0
[    7453ms] [WARNING] Error with Permissions-Policy header: Unrecognized feature: 'private-state-token-issuance'. @ :0
[    7453ms] [WARNING] Error with Permissions-Policy header: Unrecognized feature: 'private-state-token-redemption'. @ :0
[    7453ms] [WARNING] Error with Permissions-Policy header: Origin trial controlled feature not enabled: 'join-ad-interest-group'. @ :0
[    7453ms] [WARNING] Error with Permissions-Policy header: Unrecognized feature: 'run-ad-auction'. @ :0
[    7453ms] [WARNING] Error with Permissions-Policy header: Unrecognized feature: 'browsing-topics'. @ :0
[    7929ms] [ERROR] Failed to load resource: net::ERR_BLOCKED_BY_CLIENT @ https://mail-ads.google.com/mail/u/0/adsfe/main_jspb?rt=r&client=25&pt=ji:0
[   12313ms] [ERROR] Failed to load resource: net::ERR_BLOCKED_BY_CLIENT @ https://mail-ads.google.com/mail/u/0/adsfe/main_jspb?rt=r&client=25&pt=ji:0
[   17305ms] [ERROR] Failed to load resource: net::ERR_BLOCKED_BY_CLIENT @ https://play.google.com/log?format=json&hasfast=true:0
[   18950ms] [WARNING] Error with Permissions-Policy header: Unrecognized feature: 'attribution-reporting'. @ :0
[   18950ms] [WARNING] Error with Permissions-Policy header: Unrecognized feature: 'private-aggregation'. @ :0
[   18950ms] [WARNING] Error with Permissions-Policy header: Unrecognized feature: 'private-state-token-issuance'. @ :0
[   18950ms] [WARNING] Error with Permissions-Policy header: Unrecognized feature: 'private-state-token-redemption'. @ :0
[   18950ms] [WARNING] Error with Permissions-Policy header: Origin trial controlled feature not enabled: 'join-ad-interest-group'. @ :0
[   18950ms] [WARNING] Error with Permissions-Policy header: Unrecognized feature: 'run-ad-auction'. @ :0
[   18950ms] [WARNING] Error with Permissions-Policy header: Unrecognized feature: 'browsing-topics'. @ :0
[   19071ms] [ERROR] Failed to load resource: net::ERR_BLOCKED_BY_CLIENT @ https://mail.google.com/generate_204?-aV27w:0
[   19075ms] [ERROR] Failed to load resource: net::ERR_BLOCKED_BY_CLIENT @ https://play.google.com/log?hasfast=true&auth=SAPISIDHASH+ab075e676ffa76d436051cd0f8f207096343914a+SAPISID1PHASH+ab075e676ffa76d436051cd0f8f207096343914a+SAPISID3PHASH+ab075e676ffa76d436051cd0f8f207096343914a&authuser=0&format=json:0
[   21292ms] [ERROR] Failed to load resource: net::ERR_BLOCKED_BY_CLIENT @ https://mail-ads.google.com/mail/u/0/adsfe/main_jspb?rt=r&client=25&pt=ji:0
[   26301ms] [ERROR] Failed to load resource: net::ERR_BLOCKED_BY_CLIENT @ https://play.google.com/log?format=json&hasfast=true&authuser=0:0
[   28309ms] [ERROR] Failed to load resource: net::ERR_BLOCKED_BY_CLIENT @ https://play.google.com/log?format=json&hasfast=true&authuser=0:0
[   32310ms] [ERROR] Failed to load resource: net::ERR_BLOCKED_BY_CLIENT @ https://play.google.com/log?hasfast=true&auth=SAPISIDHASH+ab075e676ffa76d436051cd0f8f207096343914a+SAPISID1PHASH+ab075e676ffa76d436051cd0f8f207096343914a+SAPISID3PHASH+ab075e676ffa76d436051cd0f8f207096343914a&authuser=0&format=json:0
[   34303ms] [ERROR] Failed to load resource: net::ERR_BLOCKED_BY_CLIENT @ https://play.google.com/log?format=json&hasfast=true&authuser=0:0
[   34303ms] [ERROR] Failed to load resource: net::ERR_BLOCKED_BY_CLIENT @ https://mail-ads.google.com/mail/u/0/adsfe/main_jspb?rt=r&client=25&pt=ji:0
[   35294ms] [ERROR] Failed to load resource: net::ERR_BLOCKED_BY_CLIENT @ https://play.google.com/log?hasfast=true&auth=SAPISIDHASH+f5a6c8d9e79b3555be490812bee1aacb77b5c067+SAPISID1PHASH+f5a6c8d9e79b3555be490812bee1aacb77b5c067+SAPISID3PHASH+f5a6c8d9e79b3555be490812bee1aacb77b5c067&authuser=0&format=json:0
[   37295ms] [ERROR] Failed to load resource: net::ERR_BLOCKED_BY_CLIENT @ https://play.google.com/log?hasfast=true&auth=SAPISIDHASH+8c4d2eea3a36246857528b2c94a193e2a3ed8e3a+SAPISID1PHASH+8c4d2eea3a36246857528b2c94a193e2a3ed8e3a+SAPISID3PHASH+8c4d2eea3a36246857528b2c94a193e2a3ed8e3a&authuser=0&format=json:0
[   44310ms] [ERROR] Failed to load resource: net::ERR_BLOCKED_BY_CLIENT @ https://play.google.com/log?format=json&hasfast=true&authuser=0:0
[   63299ms] [ERROR] Failed to load resource: net::ERR_BLOCKED_BY_CLIENT @ https://mail-ads.google.com/mail/u/0/adsfe/main_jspb?rt=r&client=25&pt=ji:0
[   64302ms] [ERROR] Failed to load resource: net::ERR_BLOCKED_BY_CLIENT @ https://play.google.com/log?format=json&hasfast=true&authuser=0:0
[   73303ms] [ERROR] Failed to load resource: net::ERR_BLOCKED_BY_CLIENT @ https://play.google.com/log?format=json&hasfast=true&authuser=0:0
[  243311ms] [ERROR] Failed to load resource: net::ERR_BLOCKED_BY_CLIENT @ https://mail-ads.google.com/mail/u/0/adsfe/main_jspb?rt=r&client=25&pt=ji:0
[  263301ms] [ERROR] Failed to load resource: net::ERR_BLOCKED_BY_CLIENT @ https://play.google.com/log?format=json&hasfast=true&authuser=0:0
[  302302ms] [ERROR] Failed to load resource: net::ERR_BLOCKED_BY_CLIENT @ https://play.google.com/log?hasfast=true&auth=SAPISIDHASH+ab075e676ffa76d436051cd0f8f207096343914a+SAPISID1PHASH+ab075e676ffa76d436051cd0f8f207096343914a+SAPISID3PHASH+ab075e676ffa76d436051cd0f8f207096343914a&authuser=0&format=json:0
[  302302ms] [ERROR] Failed to load resource: net::ERR_BLOCKED_BY_CLIENT @ https://play.google.com/log?format=json&hasfast=true&authuser=0:0
[  325860ms] [ERROR] Failed to load resource: net::ERR_BLOCKED_BY_CLIENT @ https://play.google.com/log?format=json&hasfast=true&authuser=0:0
[  325860ms] [ERROR] Failed to load resource: net::ERR_BLOCKED_BY_CLIENT @ https://play.google.com/log?format=json&hasfast=true&authuser=0:0
[  327673ms] [ERROR] Failed to load resource: net::ERR_BLOCKED_BY_CLIENT @ https://play.google.com/log?hasfast=true&auth=SAPISIDHASH+ab075e676ffa76d436051cd0f8f207096343914a+SAPISID1PHASH+ab075e676ffa76d436051cd0f8f207096343914a+SAPISID3PHASH+ab075e676ffa76d436051cd0f8f207096343914a&authuser=0&format=json:0
