[     139ms] [ERROR] Failed to load resource: net::ERR_BLOCKED_BY_CLIENT @ https://tracking.epicgames.com/tracking.js:0
[     295ms] [LOG] CSRF: public CSRF token loaded from META: GwFZP+c06a4e8MSVU0OYUahJMDmce59ErZDXiMoZqIfCcSYMKWCbuYYO7kZPyppYRlG864HoZXoBgZu1J/zzuQ== @ https://www.artstation.com/community/assets/vendor.92ee79efd9c34463.js:0
[     296ms] [LOG] CSRF: public CSRF token present: GwFZP+c06a4e8MSVU0OYUahJMDmce59ErZDXiMoZqIfCcSYMKWCbuYYO7kZPyppYRlG864HoZXoBgZu1J/zzuQ== @ https://www.artstation.com/community/assets/vendor.92ee79efd9c34463.js:0
[     841ms] [LOG] CSRF: public CSRF token present: GwFZP+c06a4e8MSVU0OYUahJMDmce59ErZDXiMoZqIfCcSYMKWCbuYYO7kZPyppYRlG864HoZXoBgZu1J/zzuQ== @ https://www.artstation.com/community/assets/vendor.92ee79efd9c34463.js:0
[     841ms] [LOG] POST https://www.artstation.com/api/v2/views_tracking/entity_views.json, PUBLIC-CSRF-TOKEN: GwFZP+c06a4e8MSVU0OYUahJMDmce59ErZDXiMoZqIfCcSYMKWCbuYYO7kZPyppYRlG864HoZXoBgZu1J/zzuQ== @ https://www.artstation.com/community/assets/vendor.92ee79efd9c34463.js:0
[     863ms] [ERROR] Http failure during parsing for chrome-extension://ddkjiahejlhfcafbddmgiahcphecmpfh/web_accessible_resources/noop.txt @ https://www.artstation.com/community/assets/vendor.92ee79efd9c34463.js:0
[     865ms] [ERROR] Failed to load resource: net::ERR_BLOCKED_BY_CLIENT @ https://o10593.ingest.us.sentry.io/api/4509491647283201/envelope/?sentry_version=7&sentry_key=8decb0278b4779fe41d408ad50963d76&sentry_client=sentry.javascript.angular%2F10.43.0:0
[    1535ms] [WARNING] Error with Permissions-Policy header: Unrecognized feature: 'attribution-reporting'. @ :0
[    1535ms] [WARNING] Error with Permissions-Policy header: Unrecognized feature: 'private-aggregation'. @ :0
[    1535ms] [WARNING] Error with Permissions-Policy header: Unrecognized feature: 'private-state-token-issuance'. @ :0
[    1535ms] [WARNING] Error with Permissions-Policy header: Unrecognized feature: 'private-state-token-redemption'. @ :0
[    1535ms] [WARNING] Error with Permissions-Policy header: Origin trial controlled feature not enabled: 'join-ad-interest-group'. @ :0
[    1535ms] [WARNING] Error with Permissions-Policy header: Unrecognized feature: 'run-ad-auction'. @ :0
[    1535ms] [WARNING] Error with Permissions-Policy header: Unrecognized feature: 'browsing-topics'. @ :0
[    1568ms] [WARNING] Error with Permissions-Policy header: Unrecognized feature: 'attribution-reporting'. @ :0
[    1568ms] [WARNING] Error with Permissions-Policy header: Unrecognized feature: 'private-aggregation'. @ :0
[    1568ms] [WARNING] Error with Permissions-Policy header: Unrecognized feature: 'private-state-token-issuance'. @ :0
[    1568ms] [WARNING] Error with Permissions-Policy header: Unrecognized feature: 'private-state-token-redemption'. @ :0
[    1568ms] [WARNING] Error with Permissions-Policy header: Origin trial controlled feature not enabled: 'join-ad-interest-group'. @ :0
[    1568ms] [WARNING] Error with Permissions-Policy header: Unrecognized feature: 'run-ad-auction'. @ :0
[    1568ms] [WARNING] Error with Permissions-Policy header: Unrecognized feature: 'browsing-topics'. @ :0
[    2524ms] [ERROR] Failed to load resource: net::ERR_BLOCKED_BY_CLIENT @ https://log.pinterest.com/?type=pidget&guid=2SaZKSzrffqM&tv=2021110201&event=init&sub=www&button_count=0&follow_count=0&pin_count=0&profile_count=0&board_count=0&section_count=0&lang=tr&nvl=tr-TR&via=https%3A%2F%2Fwww.artstation.com%2Fartwork%2Fo0OZ9m%3Fnotification_id%3D8267785852:0
